<?xml version="1.0" encoding="UTF-8"?>
<!-- Generated by org.testng.reporters.JUnitXMLReporter -->
<testsuite ignored="0" hostname="VISHNU" failures="0" tests="8" name="Default test" time="18.669" errors="0" timestamp="2026-08-13T12:57:17 IST">
  <testcase classname="testCases.CheckoutOverviewTest" name="verifyCheckoutOverviewPage" time="0.755"/>
  <testcase classname="testCases.CheckoutOverviewTest" name="verifyFinishButton" time="0.83"/>
  <testcase classname="testCases.CheckoutOverviewTest" name="verifyProductName" time="0.778"/>
  <testcase classname="testCases.CheckoutOverviewTest" name="verifyProductPrice" time="0.768"/>
  <testcase classname="testCases.CheckoutOverviewTest" name="verifyProductQuantity" time="0.768"/>
  <testcase classname="testCases.CheckoutOverviewTest" name="verifySubtotalDisplayed" time="0.749"/>
  <testcase classname="testCases.CheckoutOverviewTest" name="verifyTaxDisplayed" time="0.779"/>
  <testcase classname="testCases.CheckoutOverviewTest" name="verifyTotalDisplayed" time="0.788"/>
</testsuite> <!-- Default test -->
