<?xml version="1.0" encoding="UTF-8"?>
<!-- Generated by org.testng.reporters.JUnitXMLReporter -->
<testsuite ignored="0" hostname="VISHNU" failures="0" tests="82" name="Test" time="271.149" errors="0" timestamp="2026-08-13T13:05:42 IST">
  <testcase classname="testCases.CartTest" name="verifyCartPageDisplayed" time="0.095"/>
  <testcase classname="testCases.CartTest" name="verifyCheckoutNavigation" time="0.188"/>
  <testcase classname="testCases.CartTest" name="verifyContinueShopping" time="0.152"/>
  <testcase classname="testCases.CartTest" name="verifyMultipleProducts" time="0.258"/>
  <testcase classname="testCases.CartTest" name="verifyProductPrice" time="0.167"/>
  <testcase classname="testCases.CartTest" name="verifyProductPrice" time="0.136"/>
  <testcase classname="testCases.CartTest" name="verifyProductPrice" time="0.149"/>
  <testcase classname="testCases.CartTest" name="verifyProductPrice" time="0.155"/>
  <testcase classname="testCases.CartTest" name="verifyProductPrice" time="0.149"/>
  <testcase classname="testCases.CartTest" name="verifyProductPrice" time="0.132"/>
  <testcase classname="testCases.CartTest" name="verifyProductQuantity" time="0.144"/>
  <testcase classname="testCases.CartTest" name="verifyProductQuantity" time="0.157"/>
  <testcase classname="testCases.CartTest" name="verifyProductQuantity" time="0.139"/>
  <testcase classname="testCases.CartTest" name="verifyProductQuantity" time="0.149"/>
  <testcase classname="testCases.CartTest" name="verifyProductQuantity" time="0.145"/>
  <testcase classname="testCases.CartTest" name="verifyProductQuantity" time="0.157"/>
  <testcase classname="testCases.CartTest" name="verifyRemoveProduct" time="11.187"/>
  <testcase classname="testCases.CartTest" name="verifyRemoveProduct" time="11.22"/>
  <testcase classname="testCases.CartTest" name="verifyRemoveProduct" time="11.201"/>
  <testcase classname="testCases.CartTest" name="verifyRemoveProduct" time="11.194"/>
  <testcase classname="testCases.CartTest" name="verifyRemoveProduct" time="11.223"/>
  <testcase classname="testCases.CartTest" name="verifyRemoveProduct" time="11.216"/>
  <testcase classname="testCases.CartTest" name="verifyRemoveProductFromMultipleProducts" time="11.345"/>
  <testcase classname="testCases.ProductsTest" name="verifyAddProductToCart" time="0.078"/>
  <testcase classname="testCases.ProductsTest" name="verifyAddProductToCart" time="0.089"/>
  <testcase classname="testCases.ProductsTest" name="verifyAddProductToCart" time="0.083"/>
  <testcase classname="testCases.ProductsTest" name="verifyAddProductToCart" time="0.095"/>
  <testcase classname="testCases.ProductsTest" name="verifyAddProductToCart" time="0.08"/>
  <testcase classname="testCases.ProductsTest" name="verifyAddProductToCart" time="0.083"/>
  <testcase classname="testCases.ProductsTest" name="verifyAddToCartButtonsDisplayed" time="0.004"/>
  <testcase classname="testCases.ProductsTest" name="verifyAllProductsDisplayed" time="0.01"/>
  <testcase classname="testCases.ProductsTest" name="verifyCartIconDisplayed" time="0.023"/>
  <testcase classname="testCases.ProductsTest" name="verifyNavigationToCartPage" time="0.071"/>
  <testcase classname="testCases.ProductsTest" name="verifyProductDetailsDisplayed" time="0.011"/>
  <testcase classname="testCases.ProductsTest" name="verifyProductImagesDisplayed" time="0.01"/>
  <testcase classname="testCases.ProductsTest" name="verifyProductNameNavigation" time="0.095"/>
  <testcase classname="testCases.ProductsTest" name="verifyProductSorting" time="0.112"/>
  <testcase classname="testCases.ProductsTest" name="verifyProductSorting" time="0.135"/>
  <testcase classname="testCases.ProductsTest" name="verifyProductSorting" time="0.139"/>
  <testcase classname="testCases.ProductsTest" name="verifyProductSorting" time="0.137"/>
  <testcase classname="testCases.ProductsTest" name="verifyProductsPageDisplayed" time="0.02"/>
  <testcase classname="testCases.ProductsTest" name="verifyProductsURL" time="0.006"/>
  <testcase classname="testCases.CheckoutOverviewTest" name="verifyCheckoutOverviewPage" time="0.79"/>
  <testcase classname="testCases.CheckoutOverviewTest" name="verifyFinishButton" time="0.862"/>
  <testcase classname="testCases.CheckoutOverviewTest" name="verifyProductName" time="0.803"/>
  <testcase classname="testCases.CheckoutOverviewTest" name="verifyProductPrice" time="0.791"/>
  <testcase classname="testCases.CheckoutOverviewTest" name="verifyProductQuantity" time="0.792"/>
  <testcase classname="testCases.CheckoutOverviewTest" name="verifySubtotalDisplayed" time="0.726"/>
  <testcase classname="testCases.CheckoutOverviewTest" name="verifyTaxDisplayed" time="0.761"/>
  <testcase classname="testCases.CheckoutOverviewTest" name="verifyTotalDisplayed" time="0.805"/>
  <testcase classname="testCases.HamburgerTest" name="verifyAbout" time="6.382"/>
  <testcase classname="testCases.HamburgerTest" name="verifyAllItems" time="0.254"/>
  <testcase classname="testCases.HamburgerTest" name="verifyCloseIcon" time="0.245"/>
  <testcase classname="testCases.HamburgerTest" name="verifyLogout" time="0.203"/>
  <testcase classname="testCases.HamburgerTest" name="verifyResetAppState" time="10.285"/>
  <testcase classname="testCases.HeaderTest" name="verifyHeader" time="0.302"/>
  <testcase classname="testCases.CheckoutCompleteTest" name="verifyBackHomeButton" time="0.838"/>
  <testcase classname="testCases.CheckoutCompleteTest" name="verifyCheckoutCompletePage" time="0.777"/>
  <testcase classname="testCases.CheckoutCompleteTest" name="verifyOrderConfirmationMessage" time="0.762"/>
  <testcase classname="testCases.CartBadgeTest" name="verifyCartBadgeCount" time="10.42"/>
  <testcase classname="testCases.LoginPageTest" name="verifyErrorMessageVisibility" time="0.237"/>
  <testcase classname="testCases.LoginPageTest" name="verifyLogin" time="0.463"/>
  <testcase classname="testCases.LoginPageTest" name="verifyLogin" time="0.307"/>
  <testcase classname="testCases.LoginPageTest" name="verifyLogin" time="0.255"/>
  <testcase classname="testCases.LoginPageTest" name="verifyLogin" time="0.288"/>
  <testcase classname="testCases.LoginPageTest" name="verifyLoginButtonEnabled" time="0.017"/>
  <testcase classname="testCases.LoginPageTest" name="verifyLoginButtonText" time="0.017"/>
  <testcase classname="testCases.LoginPageTest" name="verifyLogoDisplayed" time="0.023"/>
  <testcase classname="testCases.LoginPageTest" name="verifyPasswordFieldAcceptsInput" time="0.137"/>
  <testcase classname="testCases.LoginPageTest" name="verifyPasswordMasking" time="0.126"/>
  <testcase classname="testCases.LoginPageTest" name="verifyPasswordPlaceholder" time="0.026"/>
  <testcase classname="testCases.LoginPageTest" name="verifyUsernameFieldAcceptsInput" time="0.139"/>
  <testcase classname="testCases.LoginPageTest" name="verifyUsernamePlaceholder" time="0.026"/>
  <testcase classname="testCases.FooterTest" name="verifyFacebookLink" time="3.87"/>
  <testcase classname="testCases.FooterTest" name="verifyLinkedinLink" time="2.148"/>
  <testcase classname="testCases.FooterTest" name="verifyTwitterLink" time="3.063"/>
  <testcase classname="testCases.CheckoutInformationTest" name="verifyCancelButton" time="0.454"/>
  <testcase classname="testCases.CheckoutInformationTest" name="verifyCheckoutInformation" time="0.843"/>
  <testcase classname="testCases.CheckoutInformationTest" name="verifyCheckoutInformation" time="0.727"/>
  <testcase classname="testCases.CheckoutInformationTest" name="verifyCheckoutInformation" time="0.756"/>
  <testcase classname="testCases.CheckoutInformationTest" name="verifyCheckoutInformation" time="0.711"/>
  <testcase classname="testCases.CheckoutInformationTest" name="verifyContinueButton" time="0.781"/>
</testsuite> <!-- Test -->
