<?xml version="1.0" encoding="UTF-8"?>
<testng-results ignored="0" total="82" passed="82" failed="0" skipped="0">
  <reporter-output>
  </reporter-output>
  <suite started-at="2026-08-13T13:01:11 IST" name="Suite" finished-at="2026-08-13T13:05:42 IST" duration-ms="271149">
    <groups>
    </groups>
    <test started-at="2026-08-13T13:01:11 IST" name="Test" finished-at="2026-08-13T13:05:42 IST" duration-ms="271149">
      <class name="testCases.CheckoutCompleteTest">
        <test-method is-config="true" signature="setup()[pri:0, instance:testCases.CheckoutCompleteTest@38102d01]" started-at="2026-08-13T13:04:35 IST" name="setup" finished-at="2026-08-13T13:04:36 IST" duration-ms="1204" status="PASS">
          <reporter-output>
          </reporter-output>
        </test-method> <!-- setup -->
        <test-method is-config="true" signature="initializePage()[pri:0, instance:testCases.CheckoutCompleteTest@38102d01]" started-at="2026-08-13T13:04:36 IST" name="initializePage" finished-at="2026-08-13T13:04:36 IST" duration-ms="1" status="PASS">
          <reporter-output>
          </reporter-output>
        </test-method> <!-- initializePage -->
        <test-method signature="verifyBackHomeButton()[pri:0, instance:testCases.CheckoutCompleteTest@38102d01]" started-at="2026-08-13T13:04:36 IST" name="verifyBackHomeButton" finished-at="2026-08-13T13:04:37 IST" duration-ms="838" status="PASS">
          <reporter-output>
          </reporter-output>
        </test-method> <!-- verifyBackHomeButton -->
        <test-method is-config="true" signature="tearDown()[pri:0, instance:testCases.CheckoutCompleteTest@38102d01]" started-at="2026-08-13T13:04:37 IST" name="tearDown" finished-at="2026-08-13T13:04:37 IST" duration-ms="270" status="PASS">
          <reporter-output>
          </reporter-output>
        </test-method> <!-- tearDown -->
        <test-method is-config="true" signature="setup()[pri:0, instance:testCases.CheckoutCompleteTest@38102d01]" started-at="2026-08-13T13:04:37 IST" name="setup" finished-at="2026-08-13T13:04:39 IST" duration-ms="1319" status="PASS">
          <reporter-output>
          </reporter-output>
        </test-method> <!-- setup -->
        <test-method is-config="true" signature="initializePage()[pri:0, instance:testCases.CheckoutCompleteTest@38102d01]" started-at="2026-08-13T13:04:39 IST" name="initializePage" finished-at="2026-08-13T13:04:39 IST" duration-ms="0" status="PASS">
          <reporter-output>
          </reporter-output>
        </test-method> <!-- initializePage -->
        <test-method signature="verifyCheckoutCompletePage()[pri:0, instance:testCases.CheckoutCompleteTest@38102d01]" started-at="2026-08-13T13:04:39 IST" name="verifyCheckoutCompletePage" finished-at="2026-08-13T13:04:39 IST" duration-ms="777" status="PASS">
          <reporter-output>
          </reporter-output>
        </test-method> <!-- verifyCheckoutCompletePage -->
        <test-method is-config="true" signature="tearDown()[pri:0, instance:testCases.CheckoutCompleteTest@38102d01]" started-at="2026-08-13T13:04:39 IST" name="tearDown" finished-at="2026-08-13T13:04:40 IST" duration-ms="234" status="PASS">
          <reporter-output>
          </reporter-output>
        </test-method> <!-- tearDown -->
        <test-method is-config="true" signature="setup()[pri:0, instance:testCases.CheckoutCompleteTest@38102d01]" started-at="2026-08-13T13:04:40 IST" name="setup" finished-at="2026-08-13T13:04:41 IST" duration-ms="1171" status="PASS">
          <reporter-output>
          </reporter-output>
        </test-method> <!-- setup -->
        <test-method is-config="true" signature="initializePage()[pri:0, instance:testCases.CheckoutCompleteTest@38102d01]" started-at="2026-08-13T13:04:41 IST" name="initializePage" finished-at="2026-08-13T13:04:41 IST" duration-ms="1" status="PASS">
          <reporter-output>
          </reporter-output>
        </test-method> <!-- initializePage -->
        <test-method signature="verifyOrderConfirmationMessage()[pri:0, instance:testCases.CheckoutCompleteTest@38102d01]" started-at="2026-08-13T13:04:41 IST" name="verifyOrderConfirmationMessage" finished-at="2026-08-13T13:04:42 IST" duration-ms="762" status="PASS">
          <reporter-output>
          </reporter-output>
        </test-method> <!-- verifyOrderConfirmationMessage -->
        <test-method is-config="true" signature="tearDown()[pri:0, instance:testCases.CheckoutCompleteTest@38102d01]" started-at="2026-08-13T13:04:42 IST" name="tearDown" finished-at="2026-08-13T13:04:42 IST" duration-ms="204" status="PASS">
          <reporter-output>
          </reporter-output>
        </test-method> <!-- tearDown -->
      </class> <!-- testCases.CheckoutCompleteTest -->
      <class name="testCases.HeaderTest">
        <test-method is-config="true" signature="setup()[pri:0, instance:testCases.HeaderTest@4c309d4d]" started-at="2026-08-13T13:04:33 IST" name="setup" finished-at="2026-08-13T13:04:35 IST" duration-ms="1180" status="PASS">
          <reporter-output>
          </reporter-output>
        </test-method> <!-- setup -->
        <test-method signature="verifyHeader()[pri:0, instance:testCases.HeaderTest@4c309d4d]" started-at="2026-08-13T13:04:35 IST" name="verifyHeader" finished-at="2026-08-13T13:04:35 IST" duration-ms="302" status="PASS">
          <reporter-output>
          </reporter-output>
        </test-method> <!-- verifyHeader -->
        <test-method is-config="true" signature="tearDown()[pri:0, instance:testCases.HeaderTest@4c309d4d]" started-at="2026-08-13T13:04:35 IST" name="tearDown" finished-at="2026-08-13T13:04:35 IST" duration-ms="188" status="PASS">
          <reporter-output>
          </reporter-output>
        </test-method> <!-- tearDown -->
      </class> <!-- testCases.HeaderTest -->
      <class name="testCases.LoginPageTest">
        <test-method is-config="true" signature="setup()[pri:0, instance:testCases.LoginPageTest@6ab778a]" started-at="2026-08-13T13:04:54 IST" name="setup" finished-at="2026-08-13T13:04:55 IST" duration-ms="1230" status="PASS">
          <reporter-output>
          </reporter-output>
        </test-method> <!-- setup -->
        <test-method signature="verifyErrorMessageVisibility()[pri:0, instance:testCases.LoginPageTest@6ab778a]" started-at="2026-08-13T13:04:55 IST" name="verifyErrorMessageVisibility" finished-at="2026-08-13T13:04:55 IST" duration-ms="237" status="PASS">
          <reporter-output>
          </reporter-output>
        </test-method> <!-- verifyErrorMessageVisibility -->
        <test-method is-config="true" signature="initializePage()[pri:0, instance:testCases.LoginPageTest@6ab778a]" started-at="2026-08-13T13:04:55 IST" name="initializePage" finished-at="2026-08-13T13:04:55 IST" duration-ms="0" status="PASS">
          <reporter-output>
          </reporter-output>
        </test-method> <!-- initializePage -->
        <test-method is-config="true" signature="tearDown()[pri:0, instance:testCases.LoginPageTest@6ab778a]" started-at="2026-08-13T13:04:55 IST" name="tearDown" finished-at="2026-08-13T13:04:55 IST" duration-ms="227" status="PASS">
          <reporter-output>
          </reporter-output>
        </test-method> <!-- tearDown -->
        <test-method is-config="true" signature="setup()[pri:0, instance:testCases.LoginPageTest@6ab778a]" started-at="2026-08-13T13:04:55 IST" name="setup" finished-at="2026-08-13T13:04:57 IST" duration-ms="1191" status="PASS">
          <reporter-output>
          </reporter-output>
        </test-method> <!-- setup -->
        <test-method is-config="true" signature="initializePage()[pri:0, instance:testCases.LoginPageTest@6ab778a]" started-at="2026-08-13T13:04:57 IST" name="initializePage" finished-at="2026-08-13T13:04:57 IST" duration-ms="1" status="PASS">
          <reporter-output>
          </reporter-output>
        </test-method> <!-- initializePage -->
        <test-method signature="verifyLogin(int,java.lang.String,java.lang.String,java.lang.String)[pri:0, instance:testCases.LoginPageTest@6ab778a]" started-at="2026-08-13T13:04:57 IST" name="verifyLogin" data-provider="loginData" finished-at="2026-08-13T13:04:57 IST" duration-ms="463" status="PASS">
          <params>
            <param index="0">
              <value>
                <![CDATA[1]]>
              </value>
            </param>
            <param index="1">
              <value>
                <![CDATA[standard_user]]>
              </value>
            </param>
            <param index="2">
              <value>
                <![CDATA[secret_sauce]]>
              </value>
            </param>
            <param index="3">
              <value>
                <![CDATA[SUCCESS]]>
              </value>
            </param>
          </params>
          <reporter-output>
          </reporter-output>
        </test-method> <!-- verifyLogin -->
        <test-method is-config="true" signature="tearDown()[pri:0, instance:testCases.LoginPageTest@6ab778a]" started-at="2026-08-13T13:04:57 IST" name="tearDown" finished-at="2026-08-13T13:04:57 IST" duration-ms="259" status="PASS">
          <reporter-output>
          </reporter-output>
        </test-method> <!-- tearDown -->
        <test-method is-config="true" signature="setup()[pri:0, instance:testCases.LoginPageTest@6ab778a]" started-at="2026-08-13T13:04:57 IST" name="setup" finished-at="2026-08-13T13:04:58 IST" duration-ms="1154" status="PASS">
          <reporter-output>
          </reporter-output>
        </test-method> <!-- setup -->
        <test-method is-config="true" signature="initializePage()[pri:0, instance:testCases.LoginPageTest@6ab778a]" started-at="2026-08-13T13:04:58 IST" name="initializePage" finished-at="2026-08-13T13:04:58 IST" duration-ms="2" status="PASS">
          <reporter-output>
          </reporter-output>
        </test-method> <!-- initializePage -->
        <test-method signature="verifyLogin(int,java.lang.String,java.lang.String,java.lang.String)[pri:0, instance:testCases.LoginPageTest@6ab778a]" started-at="2026-08-13T13:04:58 IST" name="verifyLogin" data-provider="loginData" finished-at="2026-08-13T13:04:59 IST" duration-ms="307" status="PASS">
          <params>
            <param index="0">
              <value>
                <![CDATA[2]]>
              </value>
            </param>
            <param index="1">
              <value>
                <![CDATA[invalid_user]]>
              </value>
            </param>
            <param index="2">
              <value>
                <![CDATA[wrong123]]>
              </value>
            </param>
            <param index="3">
              <value>
                <![CDATA[Epic sadface: Username and password do not match any user in this service]]>
              </value>
            </param>
          </params>
          <reporter-output>
          </reporter-output>
        </test-method> <!-- verifyLogin -->
        <test-method is-config="true" signature="tearDown()[pri:0, instance:testCases.LoginPageTest@6ab778a]" started-at="2026-08-13T13:04:59 IST" name="tearDown" finished-at="2026-08-13T13:04:59 IST" duration-ms="253" status="PASS">
          <reporter-output>
          </reporter-output>
        </test-method> <!-- tearDown -->
        <test-method is-config="true" signature="setup()[pri:0, instance:testCases.LoginPageTest@6ab778a]" started-at="2026-08-13T13:04:59 IST" name="setup" finished-at="2026-08-13T13:05:00 IST" duration-ms="1162" status="PASS">
          <reporter-output>
          </reporter-output>
        </test-method> <!-- setup -->
        <test-method signature="verifyLogin(int,java.lang.String,java.lang.String,java.lang.String)[pri:0, instance:testCases.LoginPageTest@6ab778a]" started-at="2026-08-13T13:05:00 IST" name="verifyLogin" data-provider="loginData" finished-at="2026-08-13T13:05:00 IST" duration-ms="255" status="PASS">
          <params>
            <param index="0">
              <value>
                <![CDATA[3]]>
              </value>
            </param>
            <param index="1">
              <value>
                <![CDATA[]]>
              </value>
            </param>
            <param index="2">
              <value>
                <![CDATA[secret_sauce]]>
              </value>
            </param>
            <param index="3">
              <value>
                <![CDATA[Epic sadface: Username is required]]>
              </value>
            </param>
          </params>
          <reporter-output>
          </reporter-output>
        </test-method> <!-- verifyLogin -->
        <test-method is-config="true" signature="initializePage()[pri:0, instance:testCases.LoginPageTest@6ab778a]" started-at="2026-08-13T13:05:00 IST" name="initializePage" finished-at="2026-08-13T13:05:00 IST" duration-ms="0" status="PASS">
          <reporter-output>
          </reporter-output>
        </test-method> <!-- initializePage -->
        <test-method is-config="true" signature="tearDown()[pri:0, instance:testCases.LoginPageTest@6ab778a]" started-at="2026-08-13T13:05:00 IST" name="tearDown" finished-at="2026-08-13T13:05:01 IST" duration-ms="252" status="PASS">
          <reporter-output>
          </reporter-output>
        </test-method> <!-- tearDown -->
        <test-method is-config="true" signature="setup()[pri:0, instance:testCases.LoginPageTest@6ab778a]" started-at="2026-08-13T13:05:01 IST" name="setup" finished-at="2026-08-13T13:05:02 IST" duration-ms="1411" status="PASS">
          <reporter-output>
          </reporter-output>
        </test-method> <!-- setup -->
        <test-method signature="verifyLogin(int,java.lang.String,java.lang.String,java.lang.String)[pri:0, instance:testCases.LoginPageTest@6ab778a]" started-at="2026-08-13T13:05:02 IST" name="verifyLogin" data-provider="loginData" finished-at="2026-08-13T13:05:02 IST" duration-ms="288" status="PASS">
          <params>
            <param index="0">
              <value>
                <![CDATA[4]]>
              </value>
            </param>
            <param index="1">
              <value>
                <![CDATA[standard_user]]>
              </value>
            </param>
            <param index="2">
              <value>
                <![CDATA[]]>
              </value>
            </param>
            <param index="3">
              <value>
                <![CDATA[Epic sadface: Password is required]]>
              </value>
            </param>
          </params>
          <reporter-output>
          </reporter-output>
        </test-method> <!-- verifyLogin -->
        <test-method is-config="true" signature="initializePage()[pri:0, instance:testCases.LoginPageTest@6ab778a]" started-at="2026-08-13T13:05:02 IST" name="initializePage" finished-at="2026-08-13T13:05:02 IST" duration-ms="0" status="PASS">
          <reporter-output>
          </reporter-output>
        </test-method> <!-- initializePage -->
        <test-method is-config="true" signature="tearDown()[pri:0, instance:testCases.LoginPageTest@6ab778a]" started-at="2026-08-13T13:05:02 IST" name="tearDown" finished-at="2026-08-13T13:05:03 IST" duration-ms="265" status="PASS">
          <reporter-output>
          </reporter-output>
        </test-method> <!-- tearDown -->
        <test-method is-config="true" signature="setup()[pri:0, instance:testCases.LoginPageTest@6ab778a]" started-at="2026-08-13T13:05:03 IST" name="setup" finished-at="2026-08-13T13:05:05 IST" duration-ms="2027" status="PASS">
          <reporter-output>
          </reporter-output>
        </test-method> <!-- setup -->
        <test-method signature="verifyLoginButtonEnabled()[pri:0, instance:testCases.LoginPageTest@6ab778a]" started-at="2026-08-13T13:05:05 IST" name="verifyLoginButtonEnabled" finished-at="2026-08-13T13:05:05 IST" duration-ms="17" status="PASS">
          <reporter-output>
          </reporter-output>
        </test-method> <!-- verifyLoginButtonEnabled -->
        <test-method is-config="true" signature="initializePage()[pri:0, instance:testCases.LoginPageTest@6ab778a]" started-at="2026-08-13T13:05:05 IST" name="initializePage" finished-at="2026-08-13T13:05:05 IST" duration-ms="0" status="PASS">
          <reporter-output>
          </reporter-output>
        </test-method> <!-- initializePage -->
        <test-method is-config="true" signature="tearDown()[pri:0, instance:testCases.LoginPageTest@6ab778a]" started-at="2026-08-13T13:05:05 IST" name="tearDown" finished-at="2026-08-13T13:05:05 IST" duration-ms="206" status="PASS">
          <reporter-output>
          </reporter-output>
        </test-method> <!-- tearDown -->
        <test-method is-config="true" signature="setup()[pri:0, instance:testCases.LoginPageTest@6ab778a]" started-at="2026-08-13T13:05:05 IST" name="setup" finished-at="2026-08-13T13:05:06 IST" duration-ms="1243" status="PASS">
          <reporter-output>
          </reporter-output>
        </test-method> <!-- setup -->
        <test-method signature="verifyLoginButtonText()[pri:0, instance:testCases.LoginPageTest@6ab778a]" started-at="2026-08-13T13:05:06 IST" name="verifyLoginButtonText" finished-at="2026-08-13T13:05:06 IST" duration-ms="17" status="PASS">
          <reporter-output>
          </reporter-output>
        </test-method> <!-- verifyLoginButtonText -->
        <test-method is-config="true" signature="initializePage()[pri:0, instance:testCases.LoginPageTest@6ab778a]" started-at="2026-08-13T13:05:06 IST" name="initializePage" finished-at="2026-08-13T13:05:06 IST" duration-ms="0" status="PASS">
          <reporter-output>
          </reporter-output>
        </test-method> <!-- initializePage -->
        <test-method is-config="true" signature="tearDown()[pri:0, instance:testCases.LoginPageTest@6ab778a]" started-at="2026-08-13T13:05:06 IST" name="tearDown" finished-at="2026-08-13T13:05:06 IST" duration-ms="212" status="PASS">
          <reporter-output>
          </reporter-output>
        </test-method> <!-- tearDown -->
        <test-method is-config="true" signature="setup()[pri:0, instance:testCases.LoginPageTest@6ab778a]" started-at="2026-08-13T13:05:06 IST" name="setup" finished-at="2026-08-13T13:05:08 IST" duration-ms="1361" status="PASS">
          <reporter-output>
          </reporter-output>
        </test-method> <!-- setup -->
        <test-method signature="verifyLogoDisplayed()[pri:0, instance:testCases.LoginPageTest@6ab778a]" started-at="2026-08-13T13:05:08 IST" name="verifyLogoDisplayed" finished-at="2026-08-13T13:05:08 IST" duration-ms="23" status="PASS">
          <reporter-output>
          </reporter-output>
        </test-method> <!-- verifyLogoDisplayed -->
        <test-method is-config="true" signature="initializePage()[pri:0, instance:testCases.LoginPageTest@6ab778a]" started-at="2026-08-13T13:05:08 IST" name="initializePage" finished-at="2026-08-13T13:05:08 IST" duration-ms="0" status="PASS">
          <reporter-output>
          </reporter-output>
        </test-method> <!-- initializePage -->
        <test-method is-config="true" signature="tearDown()[pri:0, instance:testCases.LoginPageTest@6ab778a]" started-at="2026-08-13T13:05:08 IST" name="tearDown" finished-at="2026-08-13T13:05:08 IST" duration-ms="196" status="PASS">
          <reporter-output>
          </reporter-output>
        </test-method> <!-- tearDown -->
        <test-method is-config="true" signature="setup()[pri:0, instance:testCases.LoginPageTest@6ab778a]" started-at="2026-08-13T13:05:08 IST" name="setup" finished-at="2026-08-13T13:05:09 IST" duration-ms="1325" status="PASS">
          <reporter-output>
          </reporter-output>
        </test-method> <!-- setup -->
        <test-method signature="verifyPasswordFieldAcceptsInput()[pri:0, instance:testCases.LoginPageTest@6ab778a]" started-at="2026-08-13T13:05:09 IST" name="verifyPasswordFieldAcceptsInput" finished-at="2026-08-13T13:05:09 IST" duration-ms="137" status="PASS">
          <reporter-output>
          </reporter-output>
        </test-method> <!-- verifyPasswordFieldAcceptsInput -->
        <test-method is-config="true" signature="initializePage()[pri:0, instance:testCases.LoginPageTest@6ab778a]" started-at="2026-08-13T13:05:09 IST" name="initializePage" finished-at="2026-08-13T13:05:09 IST" duration-ms="0" status="PASS">
          <reporter-output>
          </reporter-output>
        </test-method> <!-- initializePage -->
        <test-method is-config="true" signature="tearDown()[pri:0, instance:testCases.LoginPageTest@6ab778a]" started-at="2026-08-13T13:05:09 IST" name="tearDown" finished-at="2026-08-13T13:05:10 IST" duration-ms="206" status="PASS">
          <reporter-output>
          </reporter-output>
        </test-method> <!-- tearDown -->
        <test-method is-config="true" signature="setup()[pri:0, instance:testCases.LoginPageTest@6ab778a]" started-at="2026-08-13T13:05:10 IST" name="setup" finished-at="2026-08-13T13:05:11 IST" duration-ms="1261" status="PASS">
          <reporter-output>
          </reporter-output>
        </test-method> <!-- setup -->
        <test-method signature="verifyPasswordMasking()[pri:0, instance:testCases.LoginPageTest@6ab778a]" started-at="2026-08-13T13:05:11 IST" name="verifyPasswordMasking" finished-at="2026-08-13T13:05:11 IST" duration-ms="126" status="PASS">
          <reporter-output>
          </reporter-output>
        </test-method> <!-- verifyPasswordMasking -->
        <test-method is-config="true" signature="initializePage()[pri:0, instance:testCases.LoginPageTest@6ab778a]" started-at="2026-08-13T13:05:11 IST" name="initializePage" finished-at="2026-08-13T13:05:11 IST" duration-ms="0" status="PASS">
          <reporter-output>
          </reporter-output>
        </test-method> <!-- initializePage -->
        <test-method is-config="true" signature="tearDown()[pri:0, instance:testCases.LoginPageTest@6ab778a]" started-at="2026-08-13T13:05:11 IST" name="tearDown" finished-at="2026-08-13T13:05:11 IST" duration-ms="208" status="PASS">
          <reporter-output>
          </reporter-output>
        </test-method> <!-- tearDown -->
        <test-method is-config="true" signature="setup()[pri:0, instance:testCases.LoginPageTest@6ab778a]" started-at="2026-08-13T13:05:11 IST" name="setup" finished-at="2026-08-13T13:05:12 IST" duration-ms="1169" status="PASS">
          <reporter-output>
          </reporter-output>
        </test-method> <!-- setup -->
        <test-method signature="verifyPasswordPlaceholder()[pri:0, instance:testCases.LoginPageTest@6ab778a]" started-at="2026-08-13T13:05:12 IST" name="verifyPasswordPlaceholder" finished-at="2026-08-13T13:05:12 IST" duration-ms="26" status="PASS">
          <reporter-output>
          </reporter-output>
        </test-method> <!-- verifyPasswordPlaceholder -->
        <test-method is-config="true" signature="initializePage()[pri:0, instance:testCases.LoginPageTest@6ab778a]" started-at="2026-08-13T13:05:12 IST" name="initializePage" finished-at="2026-08-13T13:05:12 IST" duration-ms="0" status="PASS">
          <reporter-output>
          </reporter-output>
        </test-method> <!-- initializePage -->
        <test-method is-config="true" signature="tearDown()[pri:0, instance:testCases.LoginPageTest@6ab778a]" started-at="2026-08-13T13:05:12 IST" name="tearDown" finished-at="2026-08-13T13:05:13 IST" duration-ms="203" status="PASS">
          <reporter-output>
          </reporter-output>
        </test-method> <!-- tearDown -->
        <test-method is-config="true" signature="setup()[pri:0, instance:testCases.LoginPageTest@6ab778a]" started-at="2026-08-13T13:05:13 IST" name="setup" finished-at="2026-08-13T13:05:14 IST" duration-ms="1245" status="PASS">
          <reporter-output>
          </reporter-output>
        </test-method> <!-- setup -->
        <test-method signature="verifyUsernameFieldAcceptsInput()[pri:0, instance:testCases.LoginPageTest@6ab778a]" started-at="2026-08-13T13:05:14 IST" name="verifyUsernameFieldAcceptsInput" finished-at="2026-08-13T13:05:14 IST" duration-ms="139" status="PASS">
          <reporter-output>
          </reporter-output>
        </test-method> <!-- verifyUsernameFieldAcceptsInput -->
        <test-method is-config="true" signature="initializePage()[pri:0, instance:testCases.LoginPageTest@6ab778a]" started-at="2026-08-13T13:05:14 IST" name="initializePage" finished-at="2026-08-13T13:05:14 IST" duration-ms="0" status="PASS">
          <reporter-output>
          </reporter-output>
        </test-method> <!-- initializePage -->
        <test-method is-config="true" signature="tearDown()[pri:0, instance:testCases.LoginPageTest@6ab778a]" started-at="2026-08-13T13:05:14 IST" name="tearDown" finished-at="2026-08-13T13:05:14 IST" duration-ms="209" status="PASS">
          <reporter-output>
          </reporter-output>
        </test-method> <!-- tearDown -->
        <test-method is-config="true" signature="setup()[pri:0, instance:testCases.LoginPageTest@6ab778a]" started-at="2026-08-13T13:05:14 IST" name="setup" finished-at="2026-08-13T13:05:15 IST" duration-ms="1152" status="PASS">
          <reporter-output>
          </reporter-output>
        </test-method> <!-- setup -->
        <test-method signature="verifyUsernamePlaceholder()[pri:0, instance:testCases.LoginPageTest@6ab778a]" started-at="2026-08-13T13:05:15 IST" name="verifyUsernamePlaceholder" finished-at="2026-08-13T13:05:15 IST" duration-ms="26" status="PASS">
          <reporter-output>
          </reporter-output>
        </test-method> <!-- verifyUsernamePlaceholder -->
        <test-method is-config="true" signature="initializePage()[pri:0, instance:testCases.LoginPageTest@6ab778a]" started-at="2026-08-13T13:05:15 IST" name="initializePage" finished-at="2026-08-13T13:05:15 IST" duration-ms="0" status="PASS">
          <reporter-output>
          </reporter-output>
        </test-method> <!-- initializePage -->
        <test-method is-config="true" signature="tearDown()[pri:0, instance:testCases.LoginPageTest@6ab778a]" started-at="2026-08-13T13:05:15 IST" name="tearDown" finished-at="2026-08-13T13:05:16 IST" duration-ms="210" status="PASS">
          <reporter-output>
          </reporter-output>
        </test-method> <!-- tearDown -->
      </class> <!-- testCases.LoginPageTest -->
      <class name="testCases.HamburgerTest">
        <test-method is-config="true" signature="setup()[pri:0, instance:testCases.HamburgerTest@ed7f8b4]" started-at="2026-08-13T13:04:06 IST" name="setup" finished-at="2026-08-13T13:04:08 IST" duration-ms="1238" status="PASS">
          <reporter-output>
          </reporter-output>
        </test-method> <!-- setup -->
        <test-method is-config="true" signature="initializePage()[pri:0, instance:testCases.HamburgerTest@ed7f8b4]" started-at="2026-08-13T13:04:08 IST" name="initializePage" finished-at="2026-08-13T13:04:08 IST" duration-ms="296" status="PASS">
          <reporter-output>
          </reporter-output>
        </test-method> <!-- initializePage -->
        <test-method signature="verifyAbout()[pri:0, instance:testCases.HamburgerTest@ed7f8b4]" started-at="2026-08-13T13:04:08 IST" name="verifyAbout" finished-at="2026-08-13T13:04:14 IST" duration-ms="6382" status="PASS">
          <reporter-output>
          </reporter-output>
        </test-method> <!-- verifyAbout -->
        <test-method is-config="true" signature="tearDown()[pri:0, instance:testCases.HamburgerTest@ed7f8b4]" started-at="2026-08-13T13:04:14 IST" name="tearDown" finished-at="2026-08-13T13:04:15 IST" duration-ms="296" status="PASS">
          <reporter-output>
          </reporter-output>
        </test-method> <!-- tearDown -->
        <test-method is-config="true" signature="setup()[pri:0, instance:testCases.HamburgerTest@ed7f8b4]" started-at="2026-08-13T13:04:15 IST" name="setup" finished-at="2026-08-13T13:04:16 IST" duration-ms="1475" status="PASS">
          <reporter-output>
          </reporter-output>
        </test-method> <!-- setup -->
        <test-method is-config="true" signature="initializePage()[pri:0, instance:testCases.HamburgerTest@ed7f8b4]" started-at="2026-08-13T13:04:16 IST" name="initializePage" finished-at="2026-08-13T13:04:16 IST" duration-ms="275" status="PASS">
          <reporter-output>
          </reporter-output>
        </test-method> <!-- initializePage -->
        <test-method signature="verifyAllItems()[pri:0, instance:testCases.HamburgerTest@ed7f8b4]" started-at="2026-08-13T13:04:16 IST" name="verifyAllItems" finished-at="2026-08-13T13:04:17 IST" duration-ms="254" status="PASS">
          <reporter-output>
          </reporter-output>
        </test-method> <!-- verifyAllItems -->
        <test-method is-config="true" signature="tearDown()[pri:0, instance:testCases.HamburgerTest@ed7f8b4]" started-at="2026-08-13T13:04:17 IST" name="tearDown" finished-at="2026-08-13T13:04:17 IST" duration-ms="270" status="PASS">
          <reporter-output>
          </reporter-output>
        </test-method> <!-- tearDown -->
        <test-method is-config="true" signature="setup()[pri:0, instance:testCases.HamburgerTest@ed7f8b4]" started-at="2026-08-13T13:04:17 IST" name="setup" finished-at="2026-08-13T13:04:18 IST" duration-ms="1280" status="PASS">
          <reporter-output>
          </reporter-output>
        </test-method> <!-- setup -->
        <test-method is-config="true" signature="initializePage()[pri:0, instance:testCases.HamburgerTest@ed7f8b4]" started-at="2026-08-13T13:04:18 IST" name="initializePage" finished-at="2026-08-13T13:04:19 IST" duration-ms="270" status="PASS">
          <reporter-output>
          </reporter-output>
        </test-method> <!-- initializePage -->
        <test-method signature="verifyCloseIcon()[pri:0, instance:testCases.HamburgerTest@ed7f8b4]" started-at="2026-08-13T13:04:19 IST" name="verifyCloseIcon" finished-at="2026-08-13T13:04:19 IST" duration-ms="245" status="PASS">
          <reporter-output>
          </reporter-output>
        </test-method> <!-- verifyCloseIcon -->
        <test-method is-config="true" signature="tearDown()[pri:0, instance:testCases.HamburgerTest@ed7f8b4]" started-at="2026-08-13T13:04:19 IST" name="tearDown" finished-at="2026-08-13T13:04:19 IST" duration-ms="244" status="PASS">
          <reporter-output>
          </reporter-output>
        </test-method> <!-- tearDown -->
        <test-method is-config="true" signature="setup()[pri:0, instance:testCases.HamburgerTest@ed7f8b4]" started-at="2026-08-13T13:04:19 IST" name="setup" finished-at="2026-08-13T13:04:20 IST" duration-ms="1331" status="PASS">
          <reporter-output>
          </reporter-output>
        </test-method> <!-- setup -->
        <test-method is-config="true" signature="initializePage()[pri:0, instance:testCases.HamburgerTest@ed7f8b4]" started-at="2026-08-13T13:04:20 IST" name="initializePage" finished-at="2026-08-13T13:04:21 IST" duration-ms="316" status="PASS">
          <reporter-output>
          </reporter-output>
        </test-method> <!-- initializePage -->
        <test-method signature="verifyLogout()[pri:0, instance:testCases.HamburgerTest@ed7f8b4]" started-at="2026-08-13T13:04:21 IST" name="verifyLogout" finished-at="2026-08-13T13:04:21 IST" duration-ms="203" status="PASS">
          <reporter-output>
          </reporter-output>
        </test-method> <!-- verifyLogout -->
        <test-method is-config="true" signature="tearDown()[pri:0, instance:testCases.HamburgerTest@ed7f8b4]" started-at="2026-08-13T13:04:21 IST" name="tearDown" finished-at="2026-08-13T13:04:21 IST" duration-ms="401" status="PASS">
          <reporter-output>
          </reporter-output>
        </test-method> <!-- tearDown -->
        <test-method is-config="true" signature="setup()[pri:0, instance:testCases.HamburgerTest@ed7f8b4]" started-at="2026-08-13T13:04:21 IST" name="setup" finished-at="2026-08-13T13:04:23 IST" duration-ms="1319" status="PASS">
          <reporter-output>
          </reporter-output>
        </test-method> <!-- setup -->
        <test-method is-config="true" signature="initializePage()[pri:0, instance:testCases.HamburgerTest@ed7f8b4]" started-at="2026-08-13T13:04:23 IST" name="initializePage" finished-at="2026-08-13T13:04:23 IST" duration-ms="258" status="PASS">
          <reporter-output>
          </reporter-output>
        </test-method> <!-- initializePage -->
        <test-method signature="verifyResetAppState()[pri:0, instance:testCases.HamburgerTest@ed7f8b4]" started-at="2026-08-13T13:04:23 IST" name="verifyResetAppState" finished-at="2026-08-13T13:04:33 IST" duration-ms="10285" status="PASS">
          <reporter-output>
          </reporter-output>
        </test-method> <!-- verifyResetAppState -->
        <test-method is-config="true" signature="tearDown()[pri:0, instance:testCases.HamburgerTest@ed7f8b4]" started-at="2026-08-13T13:04:33 IST" name="tearDown" finished-at="2026-08-13T13:04:33 IST" duration-ms="280" status="PASS">
          <reporter-output>
          </reporter-output>
        </test-method> <!-- tearDown -->
      </class> <!-- testCases.HamburgerTest -->
      <class name="testCases.CheckoutOverviewTest">
        <test-method is-config="true" signature="setup()[pri:0, instance:testCases.CheckoutOverviewTest@37271612]" started-at="2026-08-13T13:03:48 IST" name="setup" finished-at="2026-08-13T13:03:49 IST" duration-ms="1190" status="PASS">
          <reporter-output>
          </reporter-output>
        </test-method> <!-- setup -->
        <test-method is-config="true" signature="initializePage()[pri:0, instance:testCases.CheckoutOverviewTest@37271612]" started-at="2026-08-13T13:03:49 IST" name="initializePage" finished-at="2026-08-13T13:03:49 IST" duration-ms="3" status="PASS">
          <reporter-output>
          </reporter-output>
        </test-method> <!-- initializePage -->
        <test-method signature="verifyCheckoutOverviewPage()[pri:0, instance:testCases.CheckoutOverviewTest@37271612]" started-at="2026-08-13T13:03:49 IST" name="verifyCheckoutOverviewPage" finished-at="2026-08-13T13:03:50 IST" duration-ms="790" status="PASS">
          <reporter-output>
          </reporter-output>
        </test-method> <!-- verifyCheckoutOverviewPage -->
        <test-method is-config="true" signature="tearDown()[pri:0, instance:testCases.CheckoutOverviewTest@37271612]" started-at="2026-08-13T13:03:50 IST" name="tearDown" finished-at="2026-08-13T13:03:50 IST" duration-ms="250" status="PASS">
          <reporter-output>
          </reporter-output>
        </test-method> <!-- tearDown -->
        <test-method is-config="true" signature="setup()[pri:0, instance:testCases.CheckoutOverviewTest@37271612]" started-at="2026-08-13T13:03:50 IST" name="setup" finished-at="2026-08-13T13:03:52 IST" duration-ms="1181" status="PASS">
          <reporter-output>
          </reporter-output>
        </test-method> <!-- setup -->
        <test-method signature="verifyFinishButton()[pri:0, instance:testCases.CheckoutOverviewTest@37271612]" started-at="2026-08-13T13:03:52 IST" name="verifyFinishButton" finished-at="2026-08-13T13:03:53 IST" duration-ms="862" status="PASS">
          <reporter-output>
          </reporter-output>
        </test-method> <!-- verifyFinishButton -->
        <test-method is-config="true" signature="initializePage()[pri:0, instance:testCases.CheckoutOverviewTest@37271612]" started-at="2026-08-13T13:03:52 IST" name="initializePage" finished-at="2026-08-13T13:03:52 IST" duration-ms="0" status="PASS">
          <reporter-output>
          </reporter-output>
        </test-method> <!-- initializePage -->
        <test-method is-config="true" signature="tearDown()[pri:0, instance:testCases.CheckoutOverviewTest@37271612]" started-at="2026-08-13T13:03:53 IST" name="tearDown" finished-at="2026-08-13T13:03:53 IST" duration-ms="271" status="PASS">
          <reporter-output>
          </reporter-output>
        </test-method> <!-- tearDown -->
        <test-method is-config="true" signature="setup()[pri:0, instance:testCases.CheckoutOverviewTest@37271612]" started-at="2026-08-13T13:03:53 IST" name="setup" finished-at="2026-08-13T13:03:54 IST" duration-ms="1200" status="PASS">
          <reporter-output>
          </reporter-output>
        </test-method> <!-- setup -->
        <test-method signature="verifyProductName()[pri:0, instance:testCases.CheckoutOverviewTest@37271612]" started-at="2026-08-13T13:03:54 IST" name="verifyProductName" finished-at="2026-08-13T13:03:55 IST" duration-ms="803" status="PASS">
          <reporter-output>
          </reporter-output>
        </test-method> <!-- verifyProductName -->
        <test-method is-config="true" signature="initializePage()[pri:0, instance:testCases.CheckoutOverviewTest@37271612]" started-at="2026-08-13T13:03:54 IST" name="initializePage" finished-at="2026-08-13T13:03:54 IST" duration-ms="0" status="PASS">
          <reporter-output>
          </reporter-output>
        </test-method> <!-- initializePage -->
        <test-method is-config="true" signature="tearDown()[pri:0, instance:testCases.CheckoutOverviewTest@37271612]" started-at="2026-08-13T13:03:55 IST" name="tearDown" finished-at="2026-08-13T13:03:55 IST" duration-ms="281" status="PASS">
          <reporter-output>
          </reporter-output>
        </test-method> <!-- tearDown -->
        <test-method is-config="true" signature="setup()[pri:0, instance:testCases.CheckoutOverviewTest@37271612]" started-at="2026-08-13T13:03:55 IST" name="setup" finished-at="2026-08-13T13:03:56 IST" duration-ms="1261" status="PASS">
          <reporter-output>
          </reporter-output>
        </test-method> <!-- setup -->
        <test-method signature="verifyProductPrice()[pri:0, instance:testCases.CheckoutOverviewTest@37271612]" started-at="2026-08-13T13:03:56 IST" name="verifyProductPrice" finished-at="2026-08-13T13:03:57 IST" duration-ms="791" status="PASS">
          <reporter-output>
          </reporter-output>
        </test-method> <!-- verifyProductPrice -->
        <test-method is-config="true" signature="initializePage()[pri:0, instance:testCases.CheckoutOverviewTest@37271612]" started-at="2026-08-13T13:03:56 IST" name="initializePage" finished-at="2026-08-13T13:03:56 IST" duration-ms="0" status="PASS">
          <reporter-output>
          </reporter-output>
        </test-method> <!-- initializePage -->
        <test-method is-config="true" signature="tearDown()[pri:0, instance:testCases.CheckoutOverviewTest@37271612]" started-at="2026-08-13T13:03:57 IST" name="tearDown" finished-at="2026-08-13T13:03:57 IST" duration-ms="248" status="PASS">
          <reporter-output>
          </reporter-output>
        </test-method> <!-- tearDown -->
        <test-method is-config="true" signature="setup()[pri:0, instance:testCases.CheckoutOverviewTest@37271612]" started-at="2026-08-13T13:03:57 IST" name="setup" finished-at="2026-08-13T13:03:59 IST" duration-ms="1226" status="PASS">
          <reporter-output>
          </reporter-output>
        </test-method> <!-- setup -->
        <test-method signature="verifyProductQuantity()[pri:0, instance:testCases.CheckoutOverviewTest@37271612]" started-at="2026-08-13T13:03:59 IST" name="verifyProductQuantity" finished-at="2026-08-13T13:03:59 IST" duration-ms="792" status="PASS">
          <reporter-output>
          </reporter-output>
        </test-method> <!-- verifyProductQuantity -->
        <test-method is-config="true" signature="initializePage()[pri:0, instance:testCases.CheckoutOverviewTest@37271612]" started-at="2026-08-13T13:03:59 IST" name="initializePage" finished-at="2026-08-13T13:03:59 IST" duration-ms="0" status="PASS">
          <reporter-output>
          </reporter-output>
        </test-method> <!-- initializePage -->
        <test-method is-config="true" signature="tearDown()[pri:0, instance:testCases.CheckoutOverviewTest@37271612]" started-at="2026-08-13T13:03:59 IST" name="tearDown" finished-at="2026-08-13T13:04:00 IST" duration-ms="248" status="PASS">
          <reporter-output>
          </reporter-output>
        </test-method> <!-- tearDown -->
        <test-method is-config="true" signature="setup()[pri:0, instance:testCases.CheckoutOverviewTest@37271612]" started-at="2026-08-13T13:04:00 IST" name="setup" finished-at="2026-08-13T13:04:01 IST" duration-ms="1370" status="PASS">
          <reporter-output>
          </reporter-output>
        </test-method> <!-- setup -->
        <test-method signature="verifySubtotalDisplayed()[pri:0, instance:testCases.CheckoutOverviewTest@37271612]" started-at="2026-08-13T13:04:01 IST" name="verifySubtotalDisplayed" finished-at="2026-08-13T13:04:02 IST" duration-ms="726" status="PASS">
          <reporter-output>
          </reporter-output>
        </test-method> <!-- verifySubtotalDisplayed -->
        <test-method is-config="true" signature="initializePage()[pri:0, instance:testCases.CheckoutOverviewTest@37271612]" started-at="2026-08-13T13:04:01 IST" name="initializePage" finished-at="2026-08-13T13:04:01 IST" duration-ms="0" status="PASS">
          <reporter-output>
          </reporter-output>
        </test-method> <!-- initializePage -->
        <test-method is-config="true" signature="tearDown()[pri:0, instance:testCases.CheckoutOverviewTest@37271612]" started-at="2026-08-13T13:04:02 IST" name="tearDown" finished-at="2026-08-13T13:04:02 IST" duration-ms="252" status="PASS">
          <reporter-output>
          </reporter-output>
        </test-method> <!-- tearDown -->
        <test-method is-config="true" signature="setup()[pri:0, instance:testCases.CheckoutOverviewTest@37271612]" started-at="2026-08-13T13:04:02 IST" name="setup" finished-at="2026-08-13T13:04:03 IST" duration-ms="1167" status="PASS">
          <reporter-output>
          </reporter-output>
        </test-method> <!-- setup -->
        <test-method signature="verifyTaxDisplayed()[pri:0, instance:testCases.CheckoutOverviewTest@37271612]" started-at="2026-08-13T13:04:03 IST" name="verifyTaxDisplayed" finished-at="2026-08-13T13:04:04 IST" duration-ms="761" status="PASS">
          <reporter-output>
          </reporter-output>
        </test-method> <!-- verifyTaxDisplayed -->
        <test-method is-config="true" signature="initializePage()[pri:0, instance:testCases.CheckoutOverviewTest@37271612]" started-at="2026-08-13T13:04:03 IST" name="initializePage" finished-at="2026-08-13T13:04:03 IST" duration-ms="0" status="PASS">
          <reporter-output>
          </reporter-output>
        </test-method> <!-- initializePage -->
        <test-method is-config="true" signature="tearDown()[pri:0, instance:testCases.CheckoutOverviewTest@37271612]" started-at="2026-08-13T13:04:04 IST" name="tearDown" finished-at="2026-08-13T13:04:04 IST" duration-ms="253" status="PASS">
          <reporter-output>
          </reporter-output>
        </test-method> <!-- tearDown -->
        <test-method is-config="true" signature="setup()[pri:0, instance:testCases.CheckoutOverviewTest@37271612]" started-at="2026-08-13T13:04:04 IST" name="setup" finished-at="2026-08-13T13:04:05 IST" duration-ms="1258" status="PASS">
          <reporter-output>
          </reporter-output>
        </test-method> <!-- setup -->
        <test-method is-config="true" signature="initializePage()[pri:0, instance:testCases.CheckoutOverviewTest@37271612]" started-at="2026-08-13T13:04:05 IST" name="initializePage" finished-at="2026-08-13T13:04:05 IST" duration-ms="1" status="PASS">
          <reporter-output>
          </reporter-output>
        </test-method> <!-- initializePage -->
        <test-method signature="verifyTotalDisplayed()[pri:0, instance:testCases.CheckoutOverviewTest@37271612]" started-at="2026-08-13T13:04:05 IST" name="verifyTotalDisplayed" finished-at="2026-08-13T13:04:06 IST" duration-ms="805" status="PASS">
          <reporter-output>
          </reporter-output>
        </test-method> <!-- verifyTotalDisplayed -->
        <test-method is-config="true" signature="tearDown()[pri:0, instance:testCases.CheckoutOverviewTest@37271612]" started-at="2026-08-13T13:04:06 IST" name="tearDown" finished-at="2026-08-13T13:04:06 IST" duration-ms="257" status="PASS">
          <reporter-output>
          </reporter-output>
        </test-method> <!-- tearDown -->
      </class> <!-- testCases.CheckoutOverviewTest -->
      <class name="testCases.ProductsTest">
        <test-method is-config="true" signature="setup()[pri:0, instance:testCases.ProductsTest@3af9c5b7]" started-at="2026-08-13T13:03:14 IST" name="setup" finished-at="2026-08-13T13:03:15 IST" duration-ms="1230" status="PASS">
          <reporter-output>
          </reporter-output>
        </test-method> <!-- setup -->
        <test-method is-config="true" signature="initializePage()[pri:0, instance:testCases.ProductsTest@3af9c5b7]" started-at="2026-08-13T13:03:15 IST" name="initializePage" finished-at="2026-08-13T13:03:16 IST" duration-ms="263" status="PASS">
          <reporter-output>
          </reporter-output>
        </test-method> <!-- initializePage -->
        <test-method signature="verifyAddProductToCart(int,java.lang.String,java.lang.String)[pri:0, instance:testCases.ProductsTest@3af9c5b7]" started-at="2026-08-13T13:03:16 IST" name="verifyAddProductToCart" data-provider="productData" finished-at="2026-08-13T13:03:16 IST" duration-ms="78" status="PASS">
          <params>
            <param index="0">
              <value>
                <![CDATA[1]]>
              </value>
            </param>
            <param index="1">
              <value>
                <![CDATA[Sauce Labs Backpack]]>
              </value>
            </param>
            <param index="2">
              <value>
                <![CDATA[SUCCESS]]>
              </value>
            </param>
          </params>
          <reporter-output>
          </reporter-output>
        </test-method> <!-- verifyAddProductToCart -->
        <test-method is-config="true" signature="tearDown()[pri:0, instance:testCases.ProductsTest@3af9c5b7]" started-at="2026-08-13T13:03:16 IST" name="tearDown" finished-at="2026-08-13T13:03:16 IST" duration-ms="212" status="PASS">
          <reporter-output>
          </reporter-output>
        </test-method> <!-- tearDown -->
        <test-method is-config="true" signature="setup()[pri:0, instance:testCases.ProductsTest@3af9c5b7]" started-at="2026-08-13T13:03:16 IST" name="setup" finished-at="2026-08-13T13:03:17 IST" duration-ms="1232" status="PASS">
          <reporter-output>
          </reporter-output>
        </test-method> <!-- setup -->
        <test-method is-config="true" signature="initializePage()[pri:0, instance:testCases.ProductsTest@3af9c5b7]" started-at="2026-08-13T13:03:17 IST" name="initializePage" finished-at="2026-08-13T13:03:17 IST" duration-ms="323" status="PASS">
          <reporter-output>
          </reporter-output>
        </test-method> <!-- initializePage -->
        <test-method signature="verifyAddProductToCart(int,java.lang.String,java.lang.String)[pri:0, instance:testCases.ProductsTest@3af9c5b7]" started-at="2026-08-13T13:03:17 IST" name="verifyAddProductToCart" data-provider="productData" finished-at="2026-08-13T13:03:17 IST" duration-ms="89" status="PASS">
          <params>
            <param index="0">
              <value>
                <![CDATA[2]]>
              </value>
            </param>
            <param index="1">
              <value>
                <![CDATA[Sauce Labs Bike Light]]>
              </value>
            </param>
            <param index="2">
              <value>
                <![CDATA[SUCCESS]]>
              </value>
            </param>
          </params>
          <reporter-output>
          </reporter-output>
        </test-method> <!-- verifyAddProductToCart -->
        <test-method is-config="true" signature="tearDown()[pri:0, instance:testCases.ProductsTest@3af9c5b7]" started-at="2026-08-13T13:03:17 IST" name="tearDown" finished-at="2026-08-13T13:03:18 IST" duration-ms="246" status="PASS">
          <reporter-output>
          </reporter-output>
        </test-method> <!-- tearDown -->
        <test-method is-config="true" signature="setup()[pri:0, instance:testCases.ProductsTest@3af9c5b7]" started-at="2026-08-13T13:03:18 IST" name="setup" finished-at="2026-08-13T13:03:19 IST" duration-ms="1359" status="PASS">
          <reporter-output>
          </reporter-output>
        </test-method> <!-- setup -->
        <test-method is-config="true" signature="initializePage()[pri:0, instance:testCases.ProductsTest@3af9c5b7]" started-at="2026-08-13T13:03:19 IST" name="initializePage" finished-at="2026-08-13T13:03:19 IST" duration-ms="266" status="PASS">
          <reporter-output>
          </reporter-output>
        </test-method> <!-- initializePage -->
        <test-method signature="verifyAddProductToCart(int,java.lang.String,java.lang.String)[pri:0, instance:testCases.ProductsTest@3af9c5b7]" started-at="2026-08-13T13:03:19 IST" name="verifyAddProductToCart" data-provider="productData" finished-at="2026-08-13T13:03:19 IST" duration-ms="83" status="PASS">
          <params>
            <param index="0">
              <value>
                <![CDATA[3]]>
              </value>
            </param>
            <param index="1">
              <value>
                <![CDATA[Sauce Labs Bolt T-Shirt]]>
              </value>
            </param>
            <param index="2">
              <value>
                <![CDATA[SUCCESS]]>
              </value>
            </param>
          </params>
          <reporter-output>
          </reporter-output>
        </test-method> <!-- verifyAddProductToCart -->
        <test-method is-config="true" signature="tearDown()[pri:0, instance:testCases.ProductsTest@3af9c5b7]" started-at="2026-08-13T13:03:19 IST" name="tearDown" finished-at="2026-08-13T13:03:20 IST" duration-ms="231" status="PASS">
          <reporter-output>
          </reporter-output>
        </test-method> <!-- tearDown -->
        <test-method is-config="true" signature="setup()[pri:0, instance:testCases.ProductsTest@3af9c5b7]" started-at="2026-08-13T13:03:20 IST" name="setup" finished-at="2026-08-13T13:03:21 IST" duration-ms="1177" status="PASS">
          <reporter-output>
          </reporter-output>
        </test-method> <!-- setup -->
        <test-method is-config="true" signature="initializePage()[pri:0, instance:testCases.ProductsTest@3af9c5b7]" started-at="2026-08-13T13:03:21 IST" name="initializePage" finished-at="2026-08-13T13:03:21 IST" duration-ms="288" status="PASS">
          <reporter-output>
          </reporter-output>
        </test-method> <!-- initializePage -->
        <test-method signature="verifyAddProductToCart(int,java.lang.String,java.lang.String)[pri:0, instance:testCases.ProductsTest@3af9c5b7]" started-at="2026-08-13T13:03:21 IST" name="verifyAddProductToCart" data-provider="productData" finished-at="2026-08-13T13:03:21 IST" duration-ms="95" status="PASS">
          <params>
            <param index="0">
              <value>
                <![CDATA[4]]>
              </value>
            </param>
            <param index="1">
              <value>
                <![CDATA[Sauce Labs Fleece Jacket]]>
              </value>
            </param>
            <param index="2">
              <value>
                <![CDATA[SUCCESS]]>
              </value>
            </param>
          </params>
          <reporter-output>
          </reporter-output>
        </test-method> <!-- verifyAddProductToCart -->
        <test-method is-config="true" signature="tearDown()[pri:0, instance:testCases.ProductsTest@3af9c5b7]" started-at="2026-08-13T13:03:21 IST" name="tearDown" finished-at="2026-08-13T13:03:21 IST" duration-ms="237" status="PASS">
          <reporter-output>
          </reporter-output>
        </test-method> <!-- tearDown -->
        <test-method is-config="true" signature="setup()[pri:0, instance:testCases.ProductsTest@3af9c5b7]" started-at="2026-08-13T13:03:21 IST" name="setup" finished-at="2026-08-13T13:03:23 IST" duration-ms="1207" status="PASS">
          <reporter-output>
          </reporter-output>
        </test-method> <!-- setup -->
        <test-method is-config="true" signature="initializePage()[pri:0, instance:testCases.ProductsTest@3af9c5b7]" started-at="2026-08-13T13:03:23 IST" name="initializePage" finished-at="2026-08-13T13:03:23 IST" duration-ms="277" status="PASS">
          <reporter-output>
          </reporter-output>
        </test-method> <!-- initializePage -->
        <test-method signature="verifyAddProductToCart(int,java.lang.String,java.lang.String)[pri:0, instance:testCases.ProductsTest@3af9c5b7]" started-at="2026-08-13T13:03:23 IST" name="verifyAddProductToCart" data-provider="productData" finished-at="2026-08-13T13:03:23 IST" duration-ms="80" status="PASS">
          <params>
            <param index="0">
              <value>
                <![CDATA[5]]>
              </value>
            </param>
            <param index="1">
              <value>
                <![CDATA[Sauce Labs Onesie]]>
              </value>
            </param>
            <param index="2">
              <value>
                <![CDATA[SUCCESS]]>
              </value>
            </param>
          </params>
          <reporter-output>
          </reporter-output>
        </test-method> <!-- verifyAddProductToCart -->
        <test-method is-config="true" signature="tearDown()[pri:0, instance:testCases.ProductsTest@3af9c5b7]" started-at="2026-08-13T13:03:23 IST" name="tearDown" finished-at="2026-08-13T13:03:23 IST" duration-ms="236" status="PASS">
          <reporter-output>
          </reporter-output>
        </test-method> <!-- tearDown -->
        <test-method is-config="true" signature="setup()[pri:0, instance:testCases.ProductsTest@3af9c5b7]" started-at="2026-08-13T13:03:23 IST" name="setup" finished-at="2026-08-13T13:03:24 IST" duration-ms="1215" status="PASS">
          <reporter-output>
          </reporter-output>
        </test-method> <!-- setup -->
        <test-method is-config="true" signature="initializePage()[pri:0, instance:testCases.ProductsTest@3af9c5b7]" started-at="2026-08-13T13:03:24 IST" name="initializePage" finished-at="2026-08-13T13:03:25 IST" duration-ms="283" status="PASS">
          <reporter-output>
          </reporter-output>
        </test-method> <!-- initializePage -->
        <test-method signature="verifyAddProductToCart(int,java.lang.String,java.lang.String)[pri:0, instance:testCases.ProductsTest@3af9c5b7]" started-at="2026-08-13T13:03:25 IST" name="verifyAddProductToCart" data-provider="productData" finished-at="2026-08-13T13:03:25 IST" duration-ms="83" status="PASS">
          <params>
            <param index="0">
              <value>
                <![CDATA[6]]>
              </value>
            </param>
            <param index="1">
              <value>
                <![CDATA[Test.allTheThings() T-Shirt (Red)]]>
              </value>
            </param>
            <param index="2">
              <value>
                <![CDATA[SUCCESS]]>
              </value>
            </param>
          </params>
          <reporter-output>
          </reporter-output>
        </test-method> <!-- verifyAddProductToCart -->
        <test-method is-config="true" signature="tearDown()[pri:0, instance:testCases.ProductsTest@3af9c5b7]" started-at="2026-08-13T13:03:25 IST" name="tearDown" finished-at="2026-08-13T13:03:25 IST" duration-ms="272" status="PASS">
          <reporter-output>
          </reporter-output>
        </test-method> <!-- tearDown -->
        <test-method is-config="true" signature="setup()[pri:0, instance:testCases.ProductsTest@3af9c5b7]" started-at="2026-08-13T13:03:25 IST" name="setup" finished-at="2026-08-13T13:03:26 IST" duration-ms="1153" status="PASS">
          <reporter-output>
          </reporter-output>
        </test-method> <!-- setup -->
        <test-method is-config="true" signature="initializePage()[pri:0, instance:testCases.ProductsTest@3af9c5b7]" started-at="2026-08-13T13:03:26 IST" name="initializePage" finished-at="2026-08-13T13:03:27 IST" duration-ms="290" status="PASS">
          <reporter-output>
          </reporter-output>
        </test-method> <!-- initializePage -->
        <test-method signature="verifyAddToCartButtonsDisplayed()[pri:0, instance:testCases.ProductsTest@3af9c5b7]" started-at="2026-08-13T13:03:27 IST" name="verifyAddToCartButtonsDisplayed" finished-at="2026-08-13T13:03:27 IST" duration-ms="4" status="PASS">
          <reporter-output>
          </reporter-output>
        </test-method> <!-- verifyAddToCartButtonsDisplayed -->
        <test-method is-config="true" signature="tearDown()[pri:0, instance:testCases.ProductsTest@3af9c5b7]" started-at="2026-08-13T13:03:27 IST" name="tearDown" finished-at="2026-08-13T13:03:27 IST" duration-ms="243" status="PASS">
          <reporter-output>
          </reporter-output>
        </test-method> <!-- tearDown -->
        <test-method is-config="true" signature="setup()[pri:0, instance:testCases.ProductsTest@3af9c5b7]" started-at="2026-08-13T13:03:27 IST" name="setup" finished-at="2026-08-13T13:03:28 IST" duration-ms="1314" status="PASS">
          <reporter-output>
          </reporter-output>
        </test-method> <!-- setup -->
        <test-method is-config="true" signature="initializePage()[pri:0, instance:testCases.ProductsTest@3af9c5b7]" started-at="2026-08-13T13:03:28 IST" name="initializePage" finished-at="2026-08-13T13:03:28 IST" duration-ms="269" status="PASS">
          <reporter-output>
          </reporter-output>
        </test-method> <!-- initializePage -->
        <test-method signature="verifyAllProductsDisplayed()[pri:0, instance:testCases.ProductsTest@3af9c5b7]" started-at="2026-08-13T13:03:28 IST" name="verifyAllProductsDisplayed" finished-at="2026-08-13T13:03:28 IST" duration-ms="10" status="PASS">
          <reporter-output>
          </reporter-output>
        </test-method> <!-- verifyAllProductsDisplayed -->
        <test-method is-config="true" signature="tearDown()[pri:0, instance:testCases.ProductsTest@3af9c5b7]" started-at="2026-08-13T13:03:28 IST" name="tearDown" finished-at="2026-08-13T13:03:29 IST" duration-ms="254" status="PASS">
          <reporter-output>
          </reporter-output>
        </test-method> <!-- tearDown -->
        <test-method is-config="true" signature="setup()[pri:0, instance:testCases.ProductsTest@3af9c5b7]" started-at="2026-08-13T13:03:29 IST" name="setup" finished-at="2026-08-13T13:03:30 IST" duration-ms="1224" status="PASS">
          <reporter-output>
          </reporter-output>
        </test-method> <!-- setup -->
        <test-method is-config="true" signature="initializePage()[pri:0, instance:testCases.ProductsTest@3af9c5b7]" started-at="2026-08-13T13:03:30 IST" name="initializePage" finished-at="2026-08-13T13:03:30 IST" duration-ms="283" status="PASS">
          <reporter-output>
          </reporter-output>
        </test-method> <!-- initializePage -->
        <test-method signature="verifyCartIconDisplayed()[pri:0, instance:testCases.ProductsTest@3af9c5b7]" started-at="2026-08-13T13:03:30 IST" name="verifyCartIconDisplayed" finished-at="2026-08-13T13:03:30 IST" duration-ms="23" status="PASS">
          <reporter-output>
          </reporter-output>
        </test-method> <!-- verifyCartIconDisplayed -->
        <test-method is-config="true" signature="tearDown()[pri:0, instance:testCases.ProductsTest@3af9c5b7]" started-at="2026-08-13T13:03:30 IST" name="tearDown" finished-at="2026-08-13T13:03:30 IST" duration-ms="241" status="PASS">
          <reporter-output>
          </reporter-output>
        </test-method> <!-- tearDown -->
        <test-method is-config="true" signature="setup()[pri:0, instance:testCases.ProductsTest@3af9c5b7]" started-at="2026-08-13T13:03:30 IST" name="setup" finished-at="2026-08-13T13:03:32 IST" duration-ms="1172" status="PASS">
          <reporter-output>
          </reporter-output>
        </test-method> <!-- setup -->
        <test-method is-config="true" signature="initializePage()[pri:0, instance:testCases.ProductsTest@3af9c5b7]" started-at="2026-08-13T13:03:32 IST" name="initializePage" finished-at="2026-08-13T13:03:32 IST" duration-ms="281" status="PASS">
          <reporter-output>
          </reporter-output>
        </test-method> <!-- initializePage -->
        <test-method signature="verifyNavigationToCartPage()[pri:0, instance:testCases.ProductsTest@3af9c5b7]" started-at="2026-08-13T13:03:32 IST" name="verifyNavigationToCartPage" finished-at="2026-08-13T13:03:32 IST" duration-ms="71" status="PASS">
          <reporter-output>
          </reporter-output>
        </test-method> <!-- verifyNavigationToCartPage -->
        <test-method is-config="true" signature="tearDown()[pri:0, instance:testCases.ProductsTest@3af9c5b7]" started-at="2026-08-13T13:03:32 IST" name="tearDown" finished-at="2026-08-13T13:03:32 IST" duration-ms="227" status="PASS">
          <reporter-output>
          </reporter-output>
        </test-method> <!-- tearDown -->
        <test-method is-config="true" signature="setup()[pri:0, instance:testCases.ProductsTest@3af9c5b7]" started-at="2026-08-13T13:03:32 IST" name="setup" finished-at="2026-08-13T13:03:33 IST" duration-ms="1174" status="PASS">
          <reporter-output>
          </reporter-output>
        </test-method> <!-- setup -->
        <test-method is-config="true" signature="initializePage()[pri:0, instance:testCases.ProductsTest@3af9c5b7]" started-at="2026-08-13T13:03:33 IST" name="initializePage" finished-at="2026-08-13T13:03:34 IST" duration-ms="276" status="PASS">
          <reporter-output>
          </reporter-output>
        </test-method> <!-- initializePage -->
        <test-method signature="verifyProductDetailsDisplayed()[pri:0, instance:testCases.ProductsTest@3af9c5b7]" started-at="2026-08-13T13:03:34 IST" name="verifyProductDetailsDisplayed" finished-at="2026-08-13T13:03:34 IST" duration-ms="11" status="PASS">
          <reporter-output>
          </reporter-output>
        </test-method> <!-- verifyProductDetailsDisplayed -->
        <test-method is-config="true" signature="tearDown()[pri:0, instance:testCases.ProductsTest@3af9c5b7]" started-at="2026-08-13T13:03:34 IST" name="tearDown" finished-at="2026-08-13T13:03:34 IST" duration-ms="222" status="PASS">
          <reporter-output>
          </reporter-output>
        </test-method> <!-- tearDown -->
        <test-method is-config="true" signature="setup()[pri:0, instance:testCases.ProductsTest@3af9c5b7]" started-at="2026-08-13T13:03:34 IST" name="setup" finished-at="2026-08-13T13:03:35 IST" duration-ms="1212" status="PASS">
          <reporter-output>
          </reporter-output>
        </test-method> <!-- setup -->
        <test-method is-config="true" signature="initializePage()[pri:0, instance:testCases.ProductsTest@3af9c5b7]" started-at="2026-08-13T13:03:35 IST" name="initializePage" finished-at="2026-08-13T13:03:35 IST" duration-ms="312" status="PASS">
          <reporter-output>
          </reporter-output>
        </test-method> <!-- initializePage -->
        <test-method signature="verifyProductImagesDisplayed()[pri:0, instance:testCases.ProductsTest@3af9c5b7]" started-at="2026-08-13T13:03:35 IST" name="verifyProductImagesDisplayed" finished-at="2026-08-13T13:03:35 IST" duration-ms="10" status="PASS">
          <reporter-output>
          </reporter-output>
        </test-method> <!-- verifyProductImagesDisplayed -->
        <test-method is-config="true" signature="tearDown()[pri:0, instance:testCases.ProductsTest@3af9c5b7]" started-at="2026-08-13T13:03:35 IST" name="tearDown" finished-at="2026-08-13T13:03:36 IST" duration-ms="225" status="PASS">
          <reporter-output>
          </reporter-output>
        </test-method> <!-- tearDown -->
        <test-method is-config="true" signature="setup()[pri:0, instance:testCases.ProductsTest@3af9c5b7]" started-at="2026-08-13T13:03:36 IST" name="setup" finished-at="2026-08-13T13:03:37 IST" duration-ms="1170" status="PASS">
          <reporter-output>
          </reporter-output>
        </test-method> <!-- setup -->
        <test-method is-config="true" signature="initializePage()[pri:0, instance:testCases.ProductsTest@3af9c5b7]" started-at="2026-08-13T13:03:37 IST" name="initializePage" finished-at="2026-08-13T13:03:37 IST" duration-ms="265" status="PASS">
          <reporter-output>
          </reporter-output>
        </test-method> <!-- initializePage -->
        <test-method signature="verifyProductNameNavigation()[pri:0, instance:testCases.ProductsTest@3af9c5b7]" started-at="2026-08-13T13:03:37 IST" name="verifyProductNameNavigation" finished-at="2026-08-13T13:03:37 IST" duration-ms="95" status="PASS">
          <reporter-output>
          </reporter-output>
        </test-method> <!-- verifyProductNameNavigation -->
        <test-method is-config="true" signature="tearDown()[pri:0, instance:testCases.ProductsTest@3af9c5b7]" started-at="2026-08-13T13:03:37 IST" name="tearDown" finished-at="2026-08-13T13:03:37 IST" duration-ms="215" status="PASS">
          <reporter-output>
          </reporter-output>
        </test-method> <!-- tearDown -->
        <test-method is-config="true" signature="setup()[pri:0, instance:testCases.ProductsTest@3af9c5b7]" started-at="2026-08-13T13:03:37 IST" name="setup" finished-at="2026-08-13T13:03:39 IST" duration-ms="1225" status="PASS">
          <reporter-output>
          </reporter-output>
        </test-method> <!-- setup -->
        <test-method is-config="true" signature="initializePage()[pri:0, instance:testCases.ProductsTest@3af9c5b7]" started-at="2026-08-13T13:03:39 IST" name="initializePage" finished-at="2026-08-13T13:03:39 IST" duration-ms="276" status="PASS">
          <reporter-output>
          </reporter-output>
        </test-method> <!-- initializePage -->
        <test-method signature="verifyProductSorting(int,java.lang.String,java.lang.String)[pri:0, instance:testCases.ProductsTest@3af9c5b7]" started-at="2026-08-13T13:03:39 IST" name="verifyProductSorting" data-provider="sortingData" finished-at="2026-08-13T13:03:39 IST" duration-ms="112" status="PASS">
          <params>
            <param index="0">
              <value>
                <![CDATA[1]]>
              </value>
            </param>
            <param index="1">
              <value>
                <![CDATA[Name (A to Z)]]>
              </value>
            </param>
            <param index="2">
              <value>
                <![CDATA[SUCCESS]]>
              </value>
            </param>
          </params>
          <reporter-output>
          </reporter-output>
        </test-method> <!-- verifyProductSorting -->
        <test-method is-config="true" signature="tearDown()[pri:0, instance:testCases.ProductsTest@3af9c5b7]" started-at="2026-08-13T13:03:39 IST" name="tearDown" finished-at="2026-08-13T13:03:39 IST" duration-ms="254" status="PASS">
          <reporter-output>
          </reporter-output>
        </test-method> <!-- tearDown -->
        <test-method is-config="true" signature="setup()[pri:0, instance:testCases.ProductsTest@3af9c5b7]" started-at="2026-08-13T13:03:39 IST" name="setup" finished-at="2026-08-13T13:03:40 IST" duration-ms="1259" status="PASS">
          <reporter-output>
          </reporter-output>
        </test-method> <!-- setup -->
        <test-method is-config="true" signature="initializePage()[pri:0, instance:testCases.ProductsTest@3af9c5b7]" started-at="2026-08-13T13:03:40 IST" name="initializePage" finished-at="2026-08-13T13:03:41 IST" duration-ms="288" status="PASS">
          <reporter-output>
          </reporter-output>
        </test-method> <!-- initializePage -->
        <test-method signature="verifyProductSorting(int,java.lang.String,java.lang.String)[pri:0, instance:testCases.ProductsTest@3af9c5b7]" started-at="2026-08-13T13:03:41 IST" name="verifyProductSorting" data-provider="sortingData" finished-at="2026-08-13T13:03:41 IST" duration-ms="135" status="PASS">
          <params>
            <param index="0">
              <value>
                <![CDATA[2]]>
              </value>
            </param>
            <param index="1">
              <value>
                <![CDATA[Name (Z to A)]]>
              </value>
            </param>
            <param index="2">
              <value>
                <![CDATA[SUCCESS]]>
              </value>
            </param>
          </params>
          <reporter-output>
          </reporter-output>
        </test-method> <!-- verifyProductSorting -->
        <test-method is-config="true" signature="tearDown()[pri:0, instance:testCases.ProductsTest@3af9c5b7]" started-at="2026-08-13T13:03:41 IST" name="tearDown" finished-at="2026-08-13T13:03:41 IST" duration-ms="231" status="PASS">
          <reporter-output>
          </reporter-output>
        </test-method> <!-- tearDown -->
        <test-method is-config="true" signature="setup()[pri:0, instance:testCases.ProductsTest@3af9c5b7]" started-at="2026-08-13T13:03:41 IST" name="setup" finished-at="2026-08-13T13:03:42 IST" duration-ms="1170" status="PASS">
          <reporter-output>
          </reporter-output>
        </test-method> <!-- setup -->
        <test-method is-config="true" signature="initializePage()[pri:0, instance:testCases.ProductsTest@3af9c5b7]" started-at="2026-08-13T13:03:42 IST" name="initializePage" finished-at="2026-08-13T13:03:43 IST" duration-ms="273" status="PASS">
          <reporter-output>
          </reporter-output>
        </test-method> <!-- initializePage -->
        <test-method signature="verifyProductSorting(int,java.lang.String,java.lang.String)[pri:0, instance:testCases.ProductsTest@3af9c5b7]" started-at="2026-08-13T13:03:43 IST" name="verifyProductSorting" data-provider="sortingData" finished-at="2026-08-13T13:03:43 IST" duration-ms="139" status="PASS">
          <params>
            <param index="0">
              <value>
                <![CDATA[3]]>
              </value>
            </param>
            <param index="1">
              <value>
                <![CDATA[Price (low to high)]]>
              </value>
            </param>
            <param index="2">
              <value>
                <![CDATA[SUCCESS]]>
              </value>
            </param>
          </params>
          <reporter-output>
          </reporter-output>
        </test-method> <!-- verifyProductSorting -->
        <test-method is-config="true" signature="tearDown()[pri:0, instance:testCases.ProductsTest@3af9c5b7]" started-at="2026-08-13T13:03:43 IST" name="tearDown" finished-at="2026-08-13T13:03:43 IST" duration-ms="241" status="PASS">
          <reporter-output>
          </reporter-output>
        </test-method> <!-- tearDown -->
        <test-method is-config="true" signature="setup()[pri:0, instance:testCases.ProductsTest@3af9c5b7]" started-at="2026-08-13T13:03:43 IST" name="setup" finished-at="2026-08-13T13:03:44 IST" duration-ms="1169" status="PASS">
          <reporter-output>
          </reporter-output>
        </test-method> <!-- setup -->
        <test-method is-config="true" signature="initializePage()[pri:0, instance:testCases.ProductsTest@3af9c5b7]" started-at="2026-08-13T13:03:44 IST" name="initializePage" finished-at="2026-08-13T13:03:44 IST" duration-ms="274" status="PASS">
          <reporter-output>
          </reporter-output>
        </test-method> <!-- initializePage -->
        <test-method signature="verifyProductSorting(int,java.lang.String,java.lang.String)[pri:0, instance:testCases.ProductsTest@3af9c5b7]" started-at="2026-08-13T13:03:44 IST" name="verifyProductSorting" data-provider="sortingData" finished-at="2026-08-13T13:03:45 IST" duration-ms="137" status="PASS">
          <params>
            <param index="0">
              <value>
                <![CDATA[4]]>
              </value>
            </param>
            <param index="1">
              <value>
                <![CDATA[Price (high to low)]]>
              </value>
            </param>
            <param index="2">
              <value>
                <![CDATA[SUCCESS]]>
              </value>
            </param>
          </params>
          <reporter-output>
          </reporter-output>
        </test-method> <!-- verifyProductSorting -->
        <test-method is-config="true" signature="tearDown()[pri:0, instance:testCases.ProductsTest@3af9c5b7]" started-at="2026-08-13T13:03:45 IST" name="tearDown" finished-at="2026-08-13T13:03:45 IST" duration-ms="245" status="PASS">
          <reporter-output>
          </reporter-output>
        </test-method> <!-- tearDown -->
        <test-method is-config="true" signature="setup()[pri:0, instance:testCases.ProductsTest@3af9c5b7]" started-at="2026-08-13T13:03:45 IST" name="setup" finished-at="2026-08-13T13:03:46 IST" duration-ms="1196" status="PASS">
          <reporter-output>
          </reporter-output>
        </test-method> <!-- setup -->
        <test-method is-config="true" signature="initializePage()[pri:0, instance:testCases.ProductsTest@3af9c5b7]" started-at="2026-08-13T13:03:46 IST" name="initializePage" finished-at="2026-08-13T13:03:46 IST" duration-ms="278" status="PASS">
          <reporter-output>
          </reporter-output>
        </test-method> <!-- initializePage -->
        <test-method signature="verifyProductsPageDisplayed()[pri:0, instance:testCases.ProductsTest@3af9c5b7]" started-at="2026-08-13T13:03:46 IST" name="verifyProductsPageDisplayed" finished-at="2026-08-13T13:03:46 IST" duration-ms="20" status="PASS">
          <reporter-output>
          </reporter-output>
        </test-method> <!-- verifyProductsPageDisplayed -->
        <test-method is-config="true" signature="tearDown()[pri:0, instance:testCases.ProductsTest@3af9c5b7]" started-at="2026-08-13T13:03:46 IST" name="tearDown" finished-at="2026-08-13T13:03:47 IST" duration-ms="250" status="PASS">
          <reporter-output>
          </reporter-output>
        </test-method> <!-- tearDown -->
        <test-method is-config="true" signature="setup()[pri:0, instance:testCases.ProductsTest@3af9c5b7]" started-at="2026-08-13T13:03:47 IST" name="setup" finished-at="2026-08-13T13:03:48 IST" duration-ms="1216" status="PASS">
          <reporter-output>
          </reporter-output>
        </test-method> <!-- setup -->
        <test-method is-config="true" signature="initializePage()[pri:0, instance:testCases.ProductsTest@3af9c5b7]" started-at="2026-08-13T13:03:48 IST" name="initializePage" finished-at="2026-08-13T13:03:48 IST" duration-ms="274" status="PASS">
          <reporter-output>
          </reporter-output>
        </test-method> <!-- initializePage -->
        <test-method signature="verifyProductsURL()[pri:0, instance:testCases.ProductsTest@3af9c5b7]" started-at="2026-08-13T13:03:48 IST" name="verifyProductsURL" finished-at="2026-08-13T13:03:48 IST" duration-ms="6" status="PASS">
          <reporter-output>
          </reporter-output>
        </test-method> <!-- verifyProductsURL -->
        <test-method is-config="true" signature="tearDown()[pri:0, instance:testCases.ProductsTest@3af9c5b7]" started-at="2026-08-13T13:03:48 IST" name="tearDown" finished-at="2026-08-13T13:03:48 IST" duration-ms="198" status="PASS">
          <reporter-output>
          </reporter-output>
        </test-method> <!-- tearDown -->
      </class> <!-- testCases.ProductsTest -->
      <class name="testCases.CartBadgeTest">
        <test-method is-config="true" signature="setup()[pri:0, instance:testCases.CartBadgeTest@37883b97]" started-at="2026-08-13T13:04:42 IST" name="setup" finished-at="2026-08-13T13:04:43 IST" duration-ms="1133" status="PASS">
          <reporter-output>
          </reporter-output>
        </test-method> <!-- setup -->
        <test-method signature="verifyCartBadgeCount()[pri:0, instance:testCases.CartBadgeTest@37883b97]" started-at="2026-08-13T13:04:43 IST" name="verifyCartBadgeCount" finished-at="2026-08-13T13:04:53 IST" duration-ms="10420" status="PASS">
          <reporter-output>
          </reporter-output>
        </test-method> <!-- verifyCartBadgeCount -->
        <test-method is-config="true" signature="tearDown()[pri:0, instance:testCases.CartBadgeTest@37883b97]" started-at="2026-08-13T13:04:53 IST" name="tearDown" finished-at="2026-08-13T13:04:54 IST" duration-ms="277" status="PASS">
          <reporter-output>
          </reporter-output>
        </test-method> <!-- tearDown -->
      </class> <!-- testCases.CartBadgeTest -->
      <class name="testCases.CartTest">
        <test-method is-config="true" signature="setup()[pri:0, instance:testCases.CartTest@24aed80c]" started-at="2026-08-13T13:01:11 IST" name="setup" finished-at="2026-08-13T13:01:13 IST" duration-ms="1857" status="PASS">
          <reporter-output>
          </reporter-output>
        </test-method> <!-- setup -->
        <test-method is-config="true" signature="initializePage()[pri:0, instance:testCases.CartTest@24aed80c]" started-at="2026-08-13T13:01:13 IST" name="initializePage" finished-at="2026-08-13T13:01:13 IST" duration-ms="272" status="PASS">
          <reporter-output>
          </reporter-output>
        </test-method> <!-- initializePage -->
        <test-method signature="verifyCartPageDisplayed()[pri:0, instance:testCases.CartTest@24aed80c]" started-at="2026-08-13T13:01:13 IST" name="verifyCartPageDisplayed" finished-at="2026-08-13T13:01:13 IST" duration-ms="95" status="PASS">
          <reporter-output>
          </reporter-output>
        </test-method> <!-- verifyCartPageDisplayed -->
        <test-method is-config="true" signature="tearDown()[pri:0, instance:testCases.CartTest@24aed80c]" started-at="2026-08-13T13:01:13 IST" name="tearDown" finished-at="2026-08-13T13:01:14 IST" duration-ms="259" status="PASS">
          <reporter-output>
          </reporter-output>
        </test-method> <!-- tearDown -->
        <test-method is-config="true" signature="setup()[pri:0, instance:testCases.CartTest@24aed80c]" started-at="2026-08-13T13:01:14 IST" name="setup" finished-at="2026-08-13T13:01:15 IST" duration-ms="1188" status="PASS">
          <reporter-output>
          </reporter-output>
        </test-method> <!-- setup -->
        <test-method is-config="true" signature="initializePage()[pri:0, instance:testCases.CartTest@24aed80c]" started-at="2026-08-13T13:01:15 IST" name="initializePage" finished-at="2026-08-13T13:01:15 IST" duration-ms="294" status="PASS">
          <reporter-output>
          </reporter-output>
        </test-method> <!-- initializePage -->
        <test-method signature="verifyCheckoutNavigation()[pri:0, instance:testCases.CartTest@24aed80c]" started-at="2026-08-13T13:01:15 IST" name="verifyCheckoutNavigation" finished-at="2026-08-13T13:01:15 IST" duration-ms="188" status="PASS">
          <reporter-output>
          </reporter-output>
        </test-method> <!-- verifyCheckoutNavigation -->
        <test-method is-config="true" signature="tearDown()[pri:0, instance:testCases.CartTest@24aed80c]" started-at="2026-08-13T13:01:15 IST" name="tearDown" finished-at="2026-08-13T13:01:16 IST" duration-ms="225" status="PASS">
          <reporter-output>
          </reporter-output>
        </test-method> <!-- tearDown -->
        <test-method is-config="true" signature="setup()[pri:0, instance:testCases.CartTest@24aed80c]" started-at="2026-08-13T13:01:16 IST" name="setup" finished-at="2026-08-13T13:01:17 IST" duration-ms="1233" status="PASS">
          <reporter-output>
          </reporter-output>
        </test-method> <!-- setup -->
        <test-method is-config="true" signature="initializePage()[pri:0, instance:testCases.CartTest@24aed80c]" started-at="2026-08-13T13:01:17 IST" name="initializePage" finished-at="2026-08-13T13:01:17 IST" duration-ms="280" status="PASS">
          <reporter-output>
          </reporter-output>
        </test-method> <!-- initializePage -->
[...]
        <test-method signature="verifyRemoveProduct(int,java.lang.String,java.lang.String,java.lang.String,java.lang.String)[pri:0, instance:testCases.CartTest@24aed80c]" started-at="2026-08-13T13:02:36 IST" name="verifyRemoveProduct" data-provider="cartData" finished-at="2026-08-13T13:02:48 IST" duration-ms="11223" status="PASS">
          <params>
            <param index="0">
              <value>
                <![CDATA[5]]>
              </value>
            </param>
            <param index="1">
              <value>
                <![CDATA[Sauce Labs Onesie]]>
              </value>
            </param>
            <param index="2">
              <value>
                <![CDATA[$7.99]]>
              </value>
            </param>
            <param index="3">
              <value>
                <![CDATA[1]]>
              </value>
            </param>
            <param index="4">
              <value>
                <![CDATA[SUCCESS]]>
              </value>
            </param>
          </params>
          <reporter-output>
          </reporter-output>
        </test-method> <!-- verifyRemoveProduct -->
        <test-method is-config="true" signature="tearDown()[pri:0, instance:testCases.CartTest@24aed80c]" started-at="2026-08-13T13:02:48 IST" name="tearDown" finished-at="2026-08-13T13:02:48 IST" duration-ms="276" status="PASS">
          <reporter-output>
          </reporter-output>
        </test-method> <!-- tearDown -->
        <test-method is-config="true" signature="setup()[pri:0, instance:testCases.CartTest@24aed80c]" started-at="2026-08-13T13:02:48 IST" name="setup" finished-at="2026-08-13T13:02:49 IST" duration-ms="1206" status="PASS">
          <reporter-output>
          </reporter-output>
        </test-method> <!-- setup -->
        <test-method is-config="true" signature="initializePage()[pri:0, instance:testCases.CartTest@24aed80c]" started-at="2026-08-13T13:02:49 IST" name="initializePage" finished-at="2026-08-13T13:02:49 IST" duration-ms="284" status="PASS">
          <reporter-output>
          </reporter-output>
        </test-method> <!-- initializePage -->
        <test-method signature="verifyRemoveProduct(int,java.lang.String,java.lang.String,java.lang.String,java.lang.String)[pri:0, instance:testCases.CartTest@24aed80c]" started-at="2026-08-13T13:02:49 IST" name="verifyRemoveProduct" data-provider="cartData" finished-at="2026-08-13T13:03:01 IST" duration-ms="11216" status="PASS">
          <params>
            <param index="0">
              <value>
                <![CDATA[6]]>
              </value>
            </param>
            <param index="1">
              <value>
                <![CDATA[Test.allTheThings() T-Shirt (Red)]]>
              </value>
            </param>
            <param index="2">
              <value>
                <![CDATA[$15.99]]>
              </value>
            </param>
            <param index="3">
              <value>
                <![CDATA[1]]>
              </value>
            </param>
            <param index="4">
              <value>
                <![CDATA[SUCCESS]]>
              </value>
            </param>
          </params>
          <reporter-output>
          </reporter-output>
        </test-method> <!-- verifyRemoveProduct -->
        <test-method is-config="true" signature="tearDown()[pri:0, instance:testCases.CartTest@24aed80c]" started-at="2026-08-13T13:03:01 IST" name="tearDown" finished-at="2026-08-13T13:03:01 IST" duration-ms="322" status="PASS">
          <reporter-output>
          </reporter-output>
        </test-method> <!-- tearDown -->
        <test-method is-config="true" signature="setup()[pri:0, instance:testCases.CartTest@24aed80c]" started-at="2026-08-13T13:03:01 IST" name="setup" finished-at="2026-08-13T13:03:02 IST" duration-ms="1186" status="PASS">
          <reporter-output>
          </reporter-output>
        </test-method> <!-- setup -->
        <test-method is-config="true" signature="initializePage()[pri:0, instance:testCases.CartTest@24aed80c]" started-at="2026-08-13T13:03:02 IST" name="initializePage" finished-at="2026-08-13T13:03:02 IST" duration-ms="289" status="PASS">
          <reporter-output>
          </reporter-output>
        </test-method> <!-- initializePage -->
        <test-method signature="verifyRemoveProductFromMultipleProducts()[pri:0, instance:testCases.CartTest@24aed80c]" started-at="2026-08-13T13:03:02 IST" name="verifyRemoveProductFromMultipleProducts" finished-at="2026-08-13T13:03:14 IST" duration-ms="11345" status="PASS">
          <reporter-output>
          </reporter-output>
        </test-method> <!-- verifyRemoveProductFromMultipleProducts -->
        <test-method is-config="true" signature="tearDown()[pri:0, instance:testCases.CartTest@24aed80c]" started-at="2026-08-13T13:03:14 IST" name="tearDown" finished-at="2026-08-13T13:03:14 IST" duration-ms="278" status="PASS">
          <reporter-output>
          </reporter-output>
        </test-method> <!-- tearDown -->
      </class> <!-- testCases.CartTest -->
      <class name="testCases.CheckoutInformationTest">
        <test-method is-config="true" signature="setup()[pri:0, instance:testCases.CheckoutInformationTest@77f80c04]" started-at="2026-08-13T13:05:29 IST" name="setup" finished-at="2026-08-13T13:05:30 IST" duration-ms="1170" status="PASS">
          <reporter-output>
          </reporter-output>
        </test-method> <!-- setup -->
        <test-method signature="verifyCancelButton()[pri:0, instance:testCases.CheckoutInformationTest@77f80c04]" started-at="2026-08-13T13:05:30 IST" name="verifyCancelButton" finished-at="2026-08-13T13:05:31 IST" duration-ms="454" status="PASS">
          <reporter-output>
          </reporter-output>
        </test-method> <!-- verifyCancelButton -->
        <test-method is-config="true" signature="initializePage()[pri:0, instance:testCases.CheckoutInformationTest@77f80c04]" started-at="2026-08-13T13:05:30 IST" name="initializePage" finished-at="2026-08-13T13:05:30 IST" duration-ms="0" status="PASS">
          <reporter-output>
          </reporter-output>
        </test-method> <!-- initializePage -->
        <test-method is-config="true" signature="tearDown()[pri:0, instance:testCases.CheckoutInformationTest@77f80c04]" started-at="2026-08-13T13:05:31 IST" name="tearDown" finished-at="2026-08-13T13:05:31 IST" duration-ms="197" status="PASS">
          <reporter-output>
          </reporter-output>
        </test-method> <!-- tearDown -->
        <test-method is-config="true" signature="setup()[pri:0, instance:testCases.CheckoutInformationTest@77f80c04]" started-at="2026-08-13T13:05:31 IST" name="setup" finished-at="2026-08-13T13:05:32 IST" duration-ms="1209" status="PASS">
          <reporter-output>
          </reporter-output>
        </test-method> <!-- setup -->
        <test-method signature="verifyCheckoutInformation(int,java.lang.String,java.lang.String,java.lang.String,java.lang.String)[pri:0, instance:testCases.CheckoutInformationTest@77f80c04]" started-at="2026-08-13T13:05:32 IST" name="verifyCheckoutInformation" data-provider="checkoutData" finished-at="2026-08-13T13:05:33 IST" duration-ms="843" status="PASS">
          <params>
            <param index="0">
              <value>
                <![CDATA[1]]>
              </value>
            </param>
            <param index="1">
              <value>
                <![CDATA[Reshma]]>
              </value>
            </param>
            <param index="2">
              <value>
                <![CDATA[Rajan]]>
              </value>
            </param>
            <param index="3">
              <value>
                <![CDATA[695001]]>
              </value>
            </param>
            <param index="4">
              <value>
                <![CDATA[SUCCESS]]>
              </value>
            </param>
          </params>
          <reporter-output>
          </reporter-output>
        </test-method> <!-- verifyCheckoutInformation -->
        <test-method is-config="true" signature="initializePage()[pri:0, instance:testCases.CheckoutInformationTest@77f80c04]" started-at="2026-08-13T13:05:32 IST" name="initializePage" finished-at="2026-08-13T13:05:32 IST" duration-ms="0" status="PASS">
          <reporter-output>
          </reporter-output>
        </test-method> <!-- initializePage -->
        <test-method is-config="true" signature="tearDown()[pri:0, instance:testCases.CheckoutInformationTest@77f80c04]" started-at="2026-08-13T13:05:33 IST" name="tearDown" finished-at="2026-08-13T13:05:33 IST" duration-ms="259" status="PASS">
          <reporter-output>
          </reporter-output>
        </test-method> <!-- tearDown -->
        <test-method is-config="true" signature="setup()[pri:0, instance:testCases.CheckoutInformationTest@77f80c04]" started-at="2026-08-13T13:05:33 IST" name="setup" finished-at="2026-08-13T13:05:35 IST" duration-ms="1177" status="PASS">
          <reporter-output>
          </reporter-output>
        </test-method> <!-- setup -->
        <test-method signature="verifyCheckoutInformation(int,java.lang.String,java.lang.String,java.lang.String,java.lang.String)[pri:0, instance:testCases.CheckoutInformationTest@77f80c04]" started-at="2026-08-13T13:05:35 IST" name="verifyCheckoutInformation" data-provider="checkoutData" finished-at="2026-08-13T13:05:35 IST" duration-ms="727" status="PASS">
          <params>
            <param index="0">
              <value>
                <![CDATA[2]]>
              </value>
            </param>
            <param index="1">
              <value>
                <![CDATA[]]>
              </value>
            </param>
            <param index="2">
              <value>
                <![CDATA[Rajan]]>
              </value>
            </param>
            <param index="3">
              <value>
                <![CDATA[695001]]>
              </value>
            </param>
            <param index="4">
              <value>
                <![CDATA[Error: First Name is required]]>
              </value>
            </param>
          </params>
          <reporter-output>
          </reporter-output>
        </test-method> <!-- verifyCheckoutInformation -->
        <test-method is-config="true" signature="initializePage()[pri:0, instance:testCases.CheckoutInformationTest@77f80c04]" started-at="2026-08-13T13:05:35 IST" name="initializePage" finished-at="2026-08-13T13:05:35 IST" duration-ms="0" status="PASS">
          <reporter-output>
          </reporter-output>
        </test-method> <!-- initializePage -->
        <test-method is-config="true" signature="tearDown()[pri:0, instance:testCases.CheckoutInformationTest@77f80c04]" started-at="2026-08-13T13:05:35 IST" name="tearDown" finished-at="2026-08-13T13:05:36 IST" duration-ms="277" status="PASS">
          <reporter-output>
          </reporter-output>
        </test-method> <!-- tearDown -->
        <test-method is-config="true" signature="setup()[pri:0, instance:testCases.CheckoutInformationTest@77f80c04]" started-at="2026-08-13T13:05:36 IST" name="setup" finished-at="2026-08-13T13:05:37 IST" duration-ms="1180" status="PASS">
          <reporter-output>
          </reporter-output>
        </test-method> <!-- setup -->
        <test-method signature="verifyCheckoutInformation(int,java.lang.String,java.lang.String,java.lang.String,java.lang.String)[pri:0, instance:testCases.CheckoutInformationTest@77f80c04]" started-at="2026-08-13T13:05:37 IST" name="verifyCheckoutInformation" data-provider="checkoutData" finished-at="2026-08-13T13:05:38 IST" duration-ms="756" status="PASS">
          <params>
            <param index="0">
              <value>
                <![CDATA[3]]>
              </value>
            </param>
            <param index="1">
              <value>
                <![CDATA[Reshma]]>
              </value>
            </param>
            <param index="2">
              <value>
                <![CDATA[]]>
              </value>
            </param>
            <param index="3">
              <value>
                <![CDATA[695001]]>
              </value>
            </param>
            <param index="4">
              <value>
                <![CDATA[Error: Last Name is required]]>
              </value>
            </param>
          </params>
          <reporter-output>
          </reporter-output>
        </test-method> <!-- verifyCheckoutInformation -->
        <test-method is-config="true" signature="initializePage()[pri:0, instance:testCases.CheckoutInformationTest@77f80c04]" started-at="2026-08-13T13:05:37 IST" name="initializePage" finished-at="2026-08-13T13:05:37 IST" duration-ms="0" status="PASS">
          <reporter-output>
          </reporter-output>
        </test-method> <!-- initializePage -->
        <test-method is-config="true" signature="tearDown()[pri:0, instance:testCases.CheckoutInformationTest@77f80c04]" started-at="2026-08-13T13:05:38 IST" name="tearDown" finished-at="2026-08-13T13:05:38 IST" duration-ms="260" status="PASS">
          <reporter-output>
          </reporter-output>
        </test-method> <!-- tearDown -->
        <test-method is-config="true" signature="setup()[pri:0, instance:testCases.CheckoutInformationTest@77f80c04]" started-at="2026-08-13T13:05:38 IST" name="setup" finished-at="2026-08-13T13:05:39 IST" duration-ms="1292" status="PASS">
          <reporter-output>
          </reporter-output>
        </test-method> <!-- setup -->
        <test-method signature="verifyCheckoutInformation(int,java.lang.String,java.lang.String,java.lang.String,java.lang.String)[pri:0, instance:testCases.CheckoutInformationTest@77f80c04]" started-at="2026-08-13T13:05:39 IST" name="verifyCheckoutInformation" data-provider="checkoutData" finished-at="2026-08-13T13:05:40 IST" duration-ms="711" status="PASS">
          <params>
            <param index="0">
              <value>
                <![CDATA[4]]>
              </value>
            </param>
            <param index="1">
              <value>
                <![CDATA[Reshma]]>
              </value>
            </param>
            <param index="2">
              <value>
                <![CDATA[Rajan]]>
              </value>
            </param>
            <param index="3">
              <value>
                <![CDATA[]]>
              </value>
            </param>
            <param index="4">
              <value>
                <![CDATA[Error: Postal Code is required]]>
              </value>
            </param>
          </params>
          <reporter-output>
          </reporter-output>
        </test-method> <!-- verifyCheckoutInformation -->
        <test-method is-config="true" signature="initializePage()[pri:0, instance:testCases.CheckoutInformationTest@77f80c04]" started-at="2026-08-13T13:05:39 IST" name="initializePage" finished-at="2026-08-13T13:05:39 IST" duration-ms="0" status="PASS">
          <reporter-output>
          </reporter-output>
        </test-method> <!-- initializePage -->
        <test-method is-config="true" signature="tearDown()[pri:0, instance:testCases.CheckoutInformationTest@77f80c04]" started-at="2026-08-13T13:05:40 IST" name="tearDown" finished-at="2026-08-13T13:05:40 IST" duration-ms="263" status="PASS">
          <reporter-output>
          </reporter-output>
        </test-method> <!-- tearDown -->
        <test-method is-config="true" signature="setup()[pri:0, instance:testCases.CheckoutInformationTest@77f80c04]" started-at="2026-08-13T13:05:40 IST" name="setup" finished-at="2026-08-13T13:05:41 IST" duration-ms="1192" status="PASS">
          <reporter-output>
          </reporter-output>
        </test-method> <!-- setup -->
        <test-method signature="verifyContinueButton()[pri:0, instance:testCases.CheckoutInformationTest@77f80c04]" started-at="2026-08-13T13:05:41 IST" name="verifyContinueButton" finished-at="2026-08-13T13:05:42 IST" duration-ms="781" status="PASS">
          <reporter-output>
          </reporter-output>
        </test-method> <!-- verifyContinueButton -->
        <test-method is-config="true" signature="initializePage()[pri:0, instance:testCases.CheckoutInformationTest@77f80c04]" started-at="2026-08-13T13:05:41 IST" name="initializePage" finished-at="2026-08-13T13:05:41 IST" duration-ms="0" status="PASS">
          <reporter-output>
          </reporter-output>
        </test-method> <!-- initializePage -->
        <test-method is-config="true" signature="tearDown()[pri:0, instance:testCases.CheckoutInformationTest@77f80c04]" started-at="2026-08-13T13:05:42 IST" name="tearDown" finished-at="2026-08-13T13:05:42 IST" duration-ms="259" status="PASS">
          <reporter-output>
          </reporter-output>
        </test-method> <!-- tearDown -->
      </class> <!-- testCases.CheckoutInformationTest -->
      <class name="testCases.FooterTest">
        <test-method is-config="true" signature="setup()[pri:0, instance:testCases.FooterTest@4e3958e7]" started-at="2026-08-13T13:05:16 IST" name="setup" finished-at="2026-08-13T13:05:17 IST" duration-ms="1172" status="PASS">
          <reporter-output>
          </reporter-output>
        </test-method> <!-- setup -->
        <test-method signature="verifyFacebookLink()[pri:0, instance:testCases.FooterTest@4e3958e7]" started-at="2026-08-13T13:05:17 IST" name="verifyFacebookLink" finished-at="2026-08-13T13:05:21 IST" duration-ms="3870" status="PASS">
          <reporter-output>
          </reporter-output>
        </test-method> <!-- verifyFacebookLink -->
        <test-method is-config="true" signature="tearDown()[pri:0, instance:testCases.FooterTest@4e3958e7]" started-at="2026-08-13T13:05:21 IST" name="tearDown" finished-at="2026-08-13T13:05:21 IST" duration-ms="340" status="PASS">
          <reporter-output>
          </reporter-output>
        </test-method> <!-- tearDown -->
        <test-method is-config="true" signature="setup()[pri:0, instance:testCases.FooterTest@4e3958e7]" started-at="2026-08-13T13:05:21 IST" name="setup" finished-at="2026-08-13T13:05:22 IST" duration-ms="1200" status="PASS">
          <reporter-output>
          </reporter-output>
        </test-method> <!-- setup -->
        <test-method signature="verifyLinkedinLink()[pri:0, instance:testCases.FooterTest@4e3958e7]" started-at="2026-08-13T13:05:22 IST" name="verifyLinkedinLink" finished-at="2026-08-13T13:05:24 IST" duration-ms="2148" status="PASS">
          <reporter-output>
          </reporter-output>
        </test-method> <!-- verifyLinkedinLink -->
        <test-method is-config="true" signature="tearDown()[pri:0, instance:testCases.FooterTest@4e3958e7]" started-at="2026-08-13T13:05:24 IST" name="tearDown" finished-at="2026-08-13T13:05:25 IST" duration-ms="317" status="PASS">
          <reporter-output>
          </reporter-output>
        </test-method> <!-- tearDown -->
        <test-method is-config="true" signature="setup()[pri:0, instance:testCases.FooterTest@4e3958e7]" started-at="2026-08-13T13:05:25 IST" name="setup" finished-at="2026-08-13T13:05:26 IST" duration-ms="1162" status="PASS">
          <reporter-output>
          </reporter-output>
        </test-method> <!-- setup -->
        <test-method signature="verifyTwitterLink()[pri:0, instance:testCases.FooterTest@4e3958e7]" started-at="2026-08-13T13:05:26 IST" name="verifyTwitterLink" finished-at="2026-08-13T13:05:29 IST" duration-ms="3063" status="PASS">
          <reporter-output>
          </reporter-output>
        </test-method> <!-- verifyTwitterLink -->
        <test-method is-config="true" signature="tearDown()[pri:0, instance:testCases.FooterTest@4e3958e7]" started-at="2026-08-13T13:05:29 IST" name="tearDown" finished-at="2026-08-13T13:05:29 IST" duration-ms="327" status="PASS">
          <reporter-output>
          </reporter-output>
        </test-method> <!-- tearDown -->
      </class> <!-- testCases.FooterTest -->
    </test> <!-- Test -->
  </suite> <!-- Suite -->
</testng-results>
