<?xml version="1.0" encoding="UTF-8"?>
<!-- Generated by org.testng.reporters.JUnitReportReporter -->
<testsuite hostname="VISHNU" failures="0" tests="13" name="testCases.LoginPageTest" time="21.901" errors="0" timestamp="2026-08-13T13:05:43 IST" skipped="0">
  <testcase classname="testCases.LoginPageTest" name="verifyLogin" time="1.739"/>
  <testcase classname="testCases.LoginPageTest" name="verifyUsernamePlaceholder" time="1.423"/>
  <testcase classname="testCases.LoginPageTest" name="verifyLogin" time="1.780"/>
  <testcase classname="testCases.LoginPageTest" name="verifyPasswordFieldAcceptsInput" time="1.551"/>
  <testcase classname="testCases.LoginPageTest" name="verifyLogin" time="1.689"/>
  <testcase classname="testCases.LoginPageTest" name="verifyLoginButtonText" time="1.443"/>
  <testcase classname="testCases.LoginPageTest" name="verifyLogin" time="2.077"/>
  <testcase classname="testCases.LoginPageTest" name="verifyUsernameFieldAcceptsInput" time="2.425"/>
  <testcase classname="testCases.LoginPageTest" name="verifyPasswordPlaceholder" time="1.557"/>
  <testcase classname="testCases.LoginPageTest" name="verifyLogoDisplayed" time="1.593"/>
  <testcase classname="testCases.LoginPageTest" name="verifyPasswordMasking" time="1.598"/>
  <testcase classname="testCases.LoginPageTest" name="verifyLoginButtonEnabled" time="1.383"/>
  <testcase classname="testCases.LoginPageTest" name="verifyErrorMessageVisibility" time="1.643"/>
</testsuite> <!-- testCases.LoginPageTest -->
