<?xml version="1.0" encoding="UTF-8"?>
<!-- Generated by org.testng.reporters.JUnitReportReporter -->
<testsuite hostname="VISHNU" failures="0" tests="3" name="testCases.CheckoutCompleteTest" time="6.781" errors="0" timestamp="2026-08-13T13:05:43 IST" skipped="0">
  <testcase classname="testCases.CheckoutCompleteTest" name="verifyOrderConfirmationMessage" time="2.200"/>
  <testcase classname="testCases.CheckoutCompleteTest" name="verifyCheckoutCompletePage" time="2.219"/>
  <testcase classname="testCases.CheckoutCompleteTest" name="verifyBackHomeButton" time="2.362"/>
</testsuite> <!-- testCases.CheckoutCompleteTest -->
