<?xml version="1.0" encoding="UTF-8"?>
<!-- Generated by org.testng.reporters.JUnitReportReporter -->
<testsuite hostname="VISHNU" failures="0" tests="3" name="testCases.FooterTest" time="13.599" errors="0" timestamp="2026-08-13T13:05:43 IST" skipped="0">
  <testcase classname="testCases.FooterTest" name="verifyTwitterLink" time="4.565"/>
  <testcase classname="testCases.FooterTest" name="verifyFacebookLink" time="5.397"/>
  <testcase classname="testCases.FooterTest" name="verifyLinkedinLink" time="3.637"/>
</testsuite> <!-- testCases.FooterTest -->
