<?xml version="1.0" encoding="UTF-8"?>
<!-- Generated by org.testng.reporters.JUnitReportReporter -->
<testsuite hostname="VISHNU" failures="0" tests="6" name="testCases.CheckoutInformationTest" time="13.007" errors="0" timestamp="2026-08-13T13:05:42 IST" skipped="0">
  <testcase classname="testCases.CheckoutInformationTest" name="verifyCancelButton" time="1.908"/>
  <testcase classname="testCases.CheckoutInformationTest" name="verifyCheckoutInformation" time="2.170"/>
  <testcase classname="testCases.CheckoutInformationTest" name="verifyCheckoutInformation" time="2.394"/>
  <testcase classname="testCases.CheckoutInformationTest" name="verifyContinueButton" time="2.148"/>
  <testcase classname="testCases.CheckoutInformationTest" name="verifyCheckoutInformation" time="2.163"/>
  <testcase classname="testCases.CheckoutInformationTest" name="verifyCheckoutInformation" time="2.224"/>
</testsuite> <!-- testCases.CheckoutInformationTest -->
