<?xml version="1.0" encoding="UTF-8"?>
<!-- Generated by org.testng.reporters.JUnitReportReporter -->
<testsuite hostname="VISHNU" failures="0" tests="19" name="testCases.ProductsTest" time="34.174" errors="0" timestamp="2026-08-13T13:05:43 IST" skipped="0">
  <testcase classname="testCases.ProductsTest" name="verifyProductSorting" time="1.823"/>
  <testcase classname="testCases.ProductsTest" name="verifyCartIconDisplayed" time="1.713"/>
  <testcase classname="testCases.ProductsTest" name="verifyAddProductToCart" time="1.815"/>
  <testcase classname="testCases.ProductsTest" name="verifyProductSorting" time="1.797"/>
  <testcase classname="testCases.ProductsTest" name="verifyAddProductToCart" time="1.767"/>
  <testcase classname="testCases.ProductsTest" name="verifyAddProductToCart" time="1.870"/>
  <testcase classname="testCases.ProductsTest" name="verifyAddProductToCart" time="1.772"/>
  <testcase classname="testCases.ProductsTest" name="verifyProductDetailsDisplayed" time="1.769"/>
  <testcase classname="testCases.ProductsTest" name="verifyAddToCartButtonsDisplayed" time="1.743"/>
  <testcase classname="testCases.ProductsTest" name="verifyProductImagesDisplayed" time="1.752"/>
  <testcase classname="testCases.ProductsTest" name="verifyAllProductsDisplayed" time="1.777"/>
  <testcase classname="testCases.ProductsTest" name="verifyProductSorting" time="1.803"/>
  <testcase classname="testCases.ProductsTest" name="verifyAddProductToCart" time="1.823"/>
  <testcase classname="testCases.ProductsTest" name="verifyProductNameNavigation" time="1.801"/>
  <testcase classname="testCases.ProductsTest" name="verifyProductsURL" time="1.720"/>
  <testcase classname="testCases.ProductsTest" name="verifyNavigationToCartPage" time="1.811"/>
  <testcase classname="testCases.ProductsTest" name="verifyAddProductToCart" time="1.940"/>
  <testcase classname="testCases.ProductsTest" name="verifyProductSorting" time="1.827"/>
  <testcase classname="testCases.ProductsTest" name="verifyProductsPageDisplayed" time="1.851"/>
</testsuite> <!-- testCases.ProductsTest -->
