<?xml version="1.0" encoding="UTF-8"?>
<!-- Generated by org.testng.reporters.JUnitReportReporter -->
<testsuite hostname="VISHNU" failures="0" tests="8" name="testCases.CheckoutOverviewTest" time="18.247" errors="0" timestamp="2026-08-13T13:05:43 IST" skipped="0">
  <testcase classname="testCases.CheckoutOverviewTest" name="verifyProductName" time="2.314"/>
  <testcase classname="testCases.CheckoutOverviewTest" name="verifyProductQuantity" time="2.278"/>
  <testcase classname="testCases.CheckoutOverviewTest" name="verifySubtotalDisplayed" time="2.367"/>
  <testcase classname="testCases.CheckoutOverviewTest" name="verifyCheckoutOverviewPage" time="2.238"/>
  <testcase classname="testCases.CheckoutOverviewTest" name="verifyTotalDisplayed" time="2.222"/>
  <testcase classname="testCases.CheckoutOverviewTest" name="verifyFinishButton" time="2.324"/>
  <testcase classname="testCases.CheckoutOverviewTest" name="verifyTaxDisplayed" time="2.199"/>
  <testcase classname="testCases.CheckoutOverviewTest" name="verifyProductPrice" time="2.305"/>
</testsuite> <!-- testCases.CheckoutOverviewTest -->
