<?xml version="1.0" encoding="UTF-8"?>
<!-- Generated by org.testng.reporters.JUnitReportReporter -->
<testsuite hostname="VISHNU" failures="0" tests="23" name="testCases.CartTest" time="122.076" errors="0" timestamp="2026-08-13T13:05:43 IST" skipped="0">
  <testcase classname="testCases.CartTest" name="verifyRemoveProduct" time="12.965"/>
  <testcase classname="testCases.CartTest" name="verifyProductQuantity" time="2.068"/>
  <testcase classname="testCases.CartTest" name="verifyProductQuantity" time="1.886"/>
  <testcase classname="testCases.CartTest" name="verifyContinueShopping" time="1.840"/>
  <testcase classname="testCases.CartTest" name="verifyProductPrice" time="1.980"/>
  <testcase classname="testCases.CartTest" name="verifyRemoveProduct" time="12.928"/>
  <testcase classname="testCases.CartTest" name="verifyRemoveProduct" time="12.826"/>
  <testcase classname="testCases.CartTest" name="verifyMultipleProducts" time="1.996"/>
  <testcase classname="testCases.CartTest" name="verifyProductPrice" time="1.850"/>
  <testcase classname="testCases.CartTest" name="verifyProductPrice" time="1.965"/>
  <testcase classname="testCases.CartTest" name="verifyProductPrice" time="1.897"/>
  <testcase classname="testCases.CartTest" name="verifyRemoveProduct" time="12.907"/>
  <testcase classname="testCases.CartTest" name="verifyRemoveProductFromMultipleProducts" time="13.100"/>
  <testcase classname="testCases.CartTest" name="verifyProductQuantity" time="1.916"/>
  <testcase classname="testCases.CartTest" name="verifyProductQuantity" time="1.921"/>
  <testcase classname="testCases.CartTest" name="verifyProductPrice" time="1.883"/>
  <testcase classname="testCases.CartTest" name="verifyProductQuantity" time="1.872"/>
  <testcase classname="testCases.CartTest" name="verifyRemoveProduct" time="12.970"/>
  <testcase classname="testCases.CartTest" name="verifyCheckoutNavigation" time="1.882"/>
  <testcase classname="testCases.CartTest" name="verifyCartPageDisplayed" time="2.513"/>
  <testcase classname="testCases.CartTest" name="verifyProductQuantity" time="1.952"/>
  <testcase classname="testCases.CartTest" name="verifyProductPrice" time="1.965"/>
  <testcase classname="testCases.CartTest" name="verifyRemoveProduct" time="12.994"/>
</testsuite> <!-- testCases.CartTest -->
