<?xml version="1.0" encoding="UTF-8"?>
<!-- Generated by org.testng.reporters.JUnitReportReporter -->
<testsuite hostname="VISHNU" failures="0" tests="5" name="testCases.HamburgerTest" time="26.918" errors="0" timestamp="2026-08-13T13:05:42 IST" skipped="0">
  <testcase classname="testCases.HamburgerTest" name="verifyResetAppState" time="12.144"/>
  <testcase classname="testCases.HamburgerTest" name="verifyAbout" time="8.410"/>
  <testcase classname="testCases.HamburgerTest" name="verifyLogout" time="1.960"/>
  <testcase classname="testCases.HamburgerTest" name="verifyAllItems" time="2.130"/>
  <testcase classname="testCases.HamburgerTest" name="verifyCloseIcon" time="2.274"/>
</testsuite> <!-- testCases.HamburgerTest -->
